# JRE version: OpenJDK Runtime Environment (17.0.9) (build 17.0.9+0--11185874)
# Java VM: OpenJDK 64-Bit Server VM (17.0.9+0--11185874, mixed mode, tiered, compressed oops, compressed class ptrs, g1 gc, windows-amd64)
GC Precious Log:
 CPUs: 12 total, 12 available
 Memory: 15713M
 Large Page Support: Disabled
 NUMA Support: Disabled
 Compressed Oops: Enabled (32-bit)
 Heap Region Size: 1M
 Heap Min Capacity: 8M
 Heap Initial Capacity: 246M
 Heap Max Capacity: 2G
 Pre-touch: Disabled
 Parallel Workers: 10
 Concurrent Workers: 3
 Concurrent Refinement Workers: 10
 Periodic GC: Disabled
Heap:
 garbage-first heap   total 279552K, used 177719K [0x0000000080000000, 0x0000000100000000)
  region size 1024K, 89 young (91136K), 8 survivors (8192K)
 Metaspace       used 104253K, committed 104960K, reserved 1179648K
  class space    used 14637K, committed 14976K, reserved 1048576K
GC Heap History (20 events):
Event: 5.735 GC heap before
{Heap before GC invocations=29 (full 0):
 garbage-first heap   total 91136K, used 79932K [0x0000000080000000, 0x0000000100000000)
  region size 1024K, 24 young (24576K), 1 survivors (1024K)
 Metaspace       used 67684K, committed 68288K, reserved 1114112K
  class space    used 9161K, committed 9472K, reserved 1048576K
}
Event: 5.736 GC heap after
{Heap after GC invocations=30 (full 0):
 garbage-first heap   total 173056K, used 54802K [0x0000000080000000, 0x0000000100000000)
  region size 1024K, 3 young (3072K), 3 survivors (3072K)
 Metaspace       used 67684K, committed 68288K, reserved 1114112K
  class space    used 9161K, committed 9472K, reserved 1048576K
}
Event: 6.303 GC heap before
{Heap before GC invocations=31 (full 0):
 garbage-first heap   total 173056K, used 135698K [0x0000000080000000, 0x0000000100000000)
  region size 1024K, 82 young (83968K), 3 survivors (3072K)
 Metaspace       used 74856K, committed 75456K, reserved 1114112K
  class space    used 10152K, committed 10432K, reserved 1048576K
}
Event: 6.305 GC heap after
{Heap after GC invocations=32 (full 0):
 garbage-first heap   total 173056K, used 58654K [0x0000000080000000, 0x0000000100000000)
  region size 1024K, 7 young (7168K), 7 survivors (7168K)
 Metaspace       used 74856K, committed 75456K, reserved 1114112K
  class space    used 10152K, committed 10432K, reserved 1048576K
}
Event: 6.314 GC heap before
{Heap before GC invocations=32 (full 0):
 garbage-first heap   total 173056K, used 59678K [0x0000000080000000, 0x0000000100000000)
  region size 1024K, 8 young (8192K), 7 survivors (7168K)
 Metaspace       used 74984K, committed 75584K, reserved 1114112K
  class space    used 10167K, committed 10432K, reserved 1048576K
}
Event: 6.316 GC heap after
{Heap after GC invocations=33 (full 0):
 garbage-first heap   total 173056K, used 58535K [0x0000000080000000, 0x0000000100000000)
  region size 1024K, 1 young (1024K), 1 survivors (1024K)
 Metaspace       used 74984K, committed 75584K, reserved 1114112K
  class space    used 10167K, committed 10432K, reserved 1048576K
}
Event: 6.822 GC heap before
{Heap before GC invocations=33 (full 0):
 garbage-first heap   total 173056K, used 137383K [0x0000000080000000, 0x0000000100000000)
  region size 1024K, 78 young (79872K), 1 survivors (1024K)
 Metaspace       used 80433K, committed 81024K, reserved 1179648K
  class space    used 10978K, committed 11264K, reserved 1048576K
}
Event: 6.824 GC heap after
{Heap after GC invocations=34 (full 0):
 garbage-first heap   total 173056K, used 60760K [0x0000000080000000, 0x0000000100000000)
  region size 1024K, 3 young (3072K), 3 survivors (3072K)
 Metaspace       used 80433K, committed 81024K, reserved 1179648K
  class space    used 10978K, committed 11264K, reserved 1048576K
}
Event: 7.475 GC heap before
{Heap before GC invocations=34 (full 0):
 garbage-first heap   total 173056K, used 139608K [0x0000000080000000, 0x0000000100000000)
  region size 1024K, 80 young (81920K), 3 survivors (3072K)
 Metaspace       used 86543K, committed 87168K, reserved 1179648K
  class space    used 11968K, committed 12288K, reserved 1048576K
}
Event: 7.478 GC heap after
{Heap after GC invocations=35 (full 0):
 garbage-first heap   total 173056K, used 64749K [0x0000000080000000, 0x0000000100000000)
  region size 1024K, 7 young (7168K), 7 survivors (7168K)
 Metaspace       used 86543K, committed 87168K, reserved 1179648K
  class space    used 11968K, committed 12288K, reserved 1048576K
}
Event: 8.069 GC heap before
{Heap before GC invocations=35 (full 0):
 garbage-first heap   total 173056K, used 139501K [0x0000000080000000, 0x0000000100000000)
  region size 1024K, 81 young (82944K), 7 survivors (7168K)
 Metaspace       used 92596K, committed 93312K, reserved 1179648K
  class space    used 12851K, committed 13184K, reserved 1048576K
}
Event: 8.074 GC heap after
{Heap after GC invocations=36 (full 0):
 garbage-first heap   total 173056K, used 69525K [0x0000000080000000, 0x0000000100000000)
  region size 1024K, 9 young (9216K), 9 survivors (9216K)
 Metaspace       used 92596K, committed 93312K, reserved 1179648K
  class space    used 12851K, committed 13184K, reserved 1048576K
}
Event: 8.560 GC heap before
{Heap before GC invocations=36 (full 0):
 garbage-first heap   total 173056K, used 146325K [0x0000000080000000, 0x0000000100000000)
  region size 1024K, 80 young (81920K), 9 survivors (9216K)
 Metaspace       used 96671K, committed 97408K, reserved 1179648K
  class space    used 13415K, committed 13760K, reserved 1048576K
}
Event: 8.566 GC heap after
{Heap after GC invocations=37 (full 0):
 garbage-first heap   total 173056K, used 75759K [0x0000000080000000, 0x0000000100000000)
  region size 1024K, 10 young (10240K), 10 survivors (10240K)
 Metaspace       used 96671K, committed 97408K, reserved 1179648K
  class space    used 13415K, committed 13760K, reserved 1048576K
}
Event: 8.876 GC heap before
{Heap before GC invocations=37 (full 0):
 garbage-first heap   total 173056K, used 140271K [0x0000000080000000, 0x0000000100000000)
  region size 1024K, 74 young (75776K), 10 survivors (10240K)
 Metaspace       used 97449K, committed 98176K, reserved 1179648K
  class space    used 13494K, committed 13824K, reserved 1048576K
}
Event: 8.882 GC heap after
{Heap after GC invocations=38 (full 0):
 garbage-first heap   total 173056K, used 81419K [0x0000000080000000, 0x0000000100000000)
  region size 1024K, 6 young (6144K), 6 survivors (6144K)
 Metaspace       used 97449K, committed 98176K, reserved 1179648K
  class space    used 13494K, committed 13824K, reserved 1048576K
}
Event: 9.078 GC heap before
{Heap before GC invocations=38 (full 0):
 garbage-first heap   total 173056K, used 140811K [0x0000000080000000, 0x0000000100000000)
  region size 1024K, 65 young (66560K), 6 survivors (6144K)
 Metaspace       used 98673K, committed 99456K, reserved 1179648K
  class space    used 13705K, committed 14080K, reserved 1048576K
}
Event: 9.082 GC heap after
{Heap after GC invocations=39 (full 0):
 garbage-first heap   total 173056K, used 87162K [0x0000000080000000, 0x0000000100000000)
  region size 1024K, 6 young (6144K), 6 survivors (6144K)
 Metaspace       used 98673K, committed 99456K, reserved 1179648K
  class space    used 13705K, committed 14080K, reserved 1048576K
}
Event: 9.226 GC heap before
{Heap before GC invocations=39 (full 0):
 garbage-first heap   total 173056K, used 141434K [0x0000000080000000, 0x0000000100000000)
  region size 1024K, 60 young (61440K), 6 survivors (6144K)
 Metaspace       used 100816K, committed 101568K, reserved 1179648K
  class space    used 14029K, committed 14336K, reserved 1048576K
}
Event: 9.230 GC heap after
{Heap after GC invocations=40 (full 0):
 garbage-first heap   total 279552K, used 95799K [0x0000000080000000, 0x0000000100000000)
  region size 1024K, 8 young (8192K), 8 survivors (8192K)
 Metaspace       used 100816K, committed 101568K, reserved 1179648K
  class space    used 14029K, committed 14336K, reserved 1048576K
}

