# JRE version: OpenJDK Runtime Environment (17.0.9) (build 17.0.9+0--11185874)
# Java VM: OpenJDK 64-Bit Server VM (17.0.9+0--11185874, mixed mode, tiered, compressed oops, compressed class ptrs, g1 gc, windows-amd64)
GC Precious Log:
 CPUs: 12 total, 12 available
 Memory: 15713M
 Large Page Support: Disabled
 NUMA Support: Disabled
 Compressed Oops: Enabled (32-bit)
 Heap Region Size: 1M
 Heap Min Capacity: 8M
 Heap Initial Capacity: 246M
 Heap Max Capacity: 2G
 Pre-touch: Disabled
 Parallel Workers: 10
 Concurrent Workers: 3
 Concurrent Refinement Workers: 10
 Periodic GC: Disabled
Heap:
 garbage-first heap   total 377856K, used 163049K [0x0000000080000000, 0x0000000100000000)
  region size 1024K, 9 young (9216K), 9 survivors (9216K)
 Metaspace       used 126666K, committed 127488K, reserved 1179648K
  class space    used 18453K, committed 18816K, reserved 1048576K
GC Heap History (20 events):
Event: 8.156 GC heap after
{Heap after GC invocations=39 (full 0):
 garbage-first heap   total 142336K, used 81533K [0x0000000080000000, 0x0000000100000000)
  region size 1024K, 5 young (5120K), 5 survivors (5120K)
 Metaspace       used 97028K, committed 97792K, reserved 1179648K
  class space    used 13438K, committed 13824K, reserved 1048576K
}
Event: 8.158 GC heap before
{Heap before GC invocations=39 (full 0):
 garbage-first heap   total 142336K, used 82557K [0x0000000080000000, 0x0000000100000000)
  region size 1024K, 6 young (6144K), 5 survivors (5120K)
 Metaspace       used 97031K, committed 97792K, reserved 1179648K
  class space    used 13438K, committed 13824K, reserved 1048576K
}
Event: 8.160 GC heap after
{Heap after GC invocations=40 (full 0):
 garbage-first heap   total 142336K, used 81709K [0x0000000080000000, 0x0000000100000000)
  region size 1024K, 1 young (1024K), 1 survivors (1024K)
 Metaspace       used 97031K, committed 97792K, reserved 1179648K
  class space    used 13438K, committed 13824K, reserved 1048576K
}
Event: 8.334 GC heap before
{Heap before GC invocations=40 (full 0):
 garbage-first heap   total 142336K, used 117549K [0x0000000080000000, 0x0000000100000000)
  region size 1024K, 37 young (37888K), 1 survivors (1024K)
 Metaspace       used 98433K, committed 99200K, reserved 1179648K
  class space    used 13646K, committed 14016K, reserved 1048576K
}
Event: 8.338 GC heap after
{Heap after GC invocations=41 (full 0):
 garbage-first heap   total 377856K, used 84969K [0x0000000080000000, 0x0000000100000000)
  region size 1024K, 4 young (4096K), 4 survivors (4096K)
 Metaspace       used 98433K, committed 99200K, reserved 1179648K
  class space    used 13646K, committed 14016K, reserved 1048576K
}
Event: 8.770 GC heap before
{Heap before GC invocations=41 (full 0):
 garbage-first heap   total 377856K, used 287721K [0x0000000080000000, 0x0000000100000000)
  region size 1024K, 203 young (207872K), 4 survivors (4096K)
 Metaspace       used 99126K, committed 99840K, reserved 1179648K
  class space    used 13735K, committed 14080K, reserved 1048576K
}
Event: 8.772 GC heap after
{Heap after GC invocations=42 (full 0):
 garbage-first heap   total 377856K, used 83011K [0x0000000080000000, 0x0000000100000000)
  region size 1024K, 3 young (3072K), 3 survivors (3072K)
 Metaspace       used 99126K, committed 99840K, reserved 1179648K
  class space    used 13735K, committed 14080K, reserved 1048576K
}
Event: 9.304 GC heap before
{Heap before GC invocations=42 (full 0):
 garbage-first heap   total 377856K, used 309315K [0x0000000080000000, 0x0000000100000000)
  region size 1024K, 221 young (226304K), 3 survivors (3072K)
 Metaspace       used 99132K, committed 99840K, reserved 1179648K
  class space    used 13735K, committed 14080K, reserved 1048576K
}
Event: 9.306 GC heap after
{Heap after GC invocations=43 (full 0):
 garbage-first heap   total 377856K, used 85769K [0x0000000080000000, 0x0000000100000000)
  region size 1024K, 3 young (3072K), 3 survivors (3072K)
 Metaspace       used 99132K, committed 99840K, reserved 1179648K
  class space    used 13735K, committed 14080K, reserved 1048576K
}
Event: 10.048 GC heap before
{Heap before GC invocations=43 (full 0):
 garbage-first heap   total 377856K, used 307977K [0x0000000080000000, 0x0000000100000000)
  region size 1024K, 221 young (226304K), 3 survivors (3072K)
 Metaspace       used 108127K, committed 108928K, reserved 1179648K
  class space    used 14942K, committed 15296K, reserved 1048576K
}
Event: 10.053 GC heap after
{Heap after GC invocations=44 (full 0):
 garbage-first heap   total 377856K, used 96936K [0x0000000080000000, 0x0000000100000000)
  region size 1024K, 16 young (16384K), 16 survivors (16384K)
 Metaspace       used 108127K, committed 108928K, reserved 1179648K
  class space    used 14942K, committed 15296K, reserved 1048576K
}
Event: 10.583 GC heap before
{Heap before GC invocations=44 (full 0):
 garbage-first heap   total 377856K, used 305832K [0x0000000080000000, 0x0000000100000000)
  region size 1024K, 221 young (226304K), 16 survivors (16384K)
 Metaspace       used 116580K, committed 117312K, reserved 1179648K
  class space    used 16401K, committed 16768K, reserved 1048576K
}
Event: 10.603 GC heap after
{Heap after GC invocations=45 (full 0):
 garbage-first heap   total 377856K, used 127067K [0x0000000080000000, 0x0000000100000000)
  region size 1024K, 28 young (28672K), 28 survivors (28672K)
 Metaspace       used 116580K, committed 117312K, reserved 1179648K
  class space    used 16401K, committed 16768K, reserved 1048576K
}
Event: 10.838 GC heap before
{Heap before GC invocations=45 (full 0):
 garbage-first heap   total 377856K, used 296027K [0x0000000080000000, 0x0000000100000000)
  region size 1024K, 194 young (198656K), 28 survivors (28672K)
 Metaspace       used 120671K, committed 121472K, reserved 1179648K
  class space    used 17349K, committed 17728K, reserved 1048576K
}
Event: 10.858 GC heap after
{Heap after GC invocations=46 (full 0):
 garbage-first heap   total 377856K, used 153508K [0x0000000080000000, 0x0000000100000000)
  region size 1024K, 25 young (25600K), 25 survivors (25600K)
 Metaspace       used 120671K, committed 121472K, reserved 1179648K
  class space    used 17349K, committed 17728K, reserved 1048576K
}
Event: 11.140 GC heap before
{Heap before GC invocations=46 (full 0):
 garbage-first heap   total 377856K, used 295844K [0x0000000080000000, 0x0000000100000000)
  region size 1024K, 165 young (168960K), 25 survivors (25600K)
 Metaspace       used 124546K, committed 125376K, reserved 1179648K
  class space    used 18141K, committed 18496K, reserved 1048576K
}
Event: 11.151 GC heap after
{Heap after GC invocations=47 (full 0):
 garbage-first heap   total 377856K, used 162738K [0x0000000080000000, 0x0000000100000000)
  region size 1024K, 8 young (8192K), 8 survivors (8192K)
 Metaspace       used 124546K, committed 125376K, reserved 1179648K
  class space    used 18141K, committed 18496K, reserved 1048576K
}
Event: 11.324 GC heap before
{Heap before GC invocations=47 (full 0):
 garbage-first heap   total 377856K, used 302002K [0x0000000080000000, 0x0000000100000000)
  region size 1024K, 145 young (148480K), 8 survivors (8192K)
 Metaspace       used 125877K, committed 126656K, reserved 1179648K
  class space    used 18320K, committed 18688K, reserved 1048576K
}
Event: 11.330 GC heap after
{Heap after GC invocations=48 (full 0):
 garbage-first heap   total 377856K, used 162328K [0x0000000080000000, 0x0000000100000000)
  region size 1024K, 8 young (8192K), 8 survivors (8192K)
 Metaspace       used 125877K, committed 126656K, reserved 1179648K
  class space    used 18320K, committed 18688K, reserved 1048576K
}
Event: 11.476 GC heap before
{Heap before GC invocations=48 (full 0):
 garbage-first heap   total 377856K, used 308760K [0x0000000080000000, 0x0000000100000000)
  region size 1024K, 151 young (154624K), 8 survivors (8192K)
 Metaspace       used 126666K, committed 127488K, reserved 1179648K
  class space    used 18453K, committed 18816K, reserved 1048576K
}

