# JRE version: OpenJDK Runtime Environment (17.0.9) (build 17.0.9+0--11185874)
# Java VM: OpenJDK 64-Bit Server VM (17.0.9+0--11185874, mixed mode, tiered, compressed oops, compressed class ptrs, g1 gc, windows-amd64)
GC Precious Log:
 CPUs: 12 total, 12 available
 Memory: 15713M
 Large Page Support: Disabled
 NUMA Support: Disabled
 Compressed Oops: Enabled (32-bit)
 Heap Region Size: 1M
 Heap Min Capacity: 8M
 Heap Initial Capacity: 246M
 Heap Max Capacity: 2G
 Pre-touch: Disabled
 Parallel Workers: 10
 Concurrent Workers: 3
 Concurrent Refinement Workers: 10
 Periodic GC: Disabled
Heap:
 garbage-first heap   total 326656K, used 219233K [0x0000000080000000, 0x0000000100000000)
  region size 1024K, 7 young (7168K), 7 survivors (7168K)
 Metaspace       used 133933K, committed 134848K, reserved 1179648K
  class space    used 18827K, committed 19264K, reserved 1048576K
GC Heap History (20 events):
Event: 11.477 GC heap after
{Heap after GC invocations=36 (full 0):
 garbage-first heap   total 326656K, used 129870K [0x0000000080000000, 0x0000000100000000)
  region size 1024K, 9 young (9216K), 9 survivors (9216K)
 Metaspace       used 107826K, committed 108608K, reserved 1179648K
  class space    used 14583K, committed 14976K, reserved 1048576K
}
Event: 11.906 GC heap before
{Heap before GC invocations=36 (full 0):
 garbage-first heap   total 326656K, used 249678K [0x0000000080000000, 0x0000000100000000)
  region size 1024K, 127 young (130048K), 9 survivors (9216K)
 Metaspace       used 113612K, committed 114432K, reserved 1179648K
  class space    used 15360K, committed 15808K, reserved 1048576K
}
Event: 11.913 GC heap after
{Heap after GC invocations=37 (full 0):
 garbage-first heap   total 326656K, used 139466K [0x0000000080000000, 0x0000000100000000)
  region size 1024K, 16 young (16384K), 16 survivors (16384K)
 Metaspace       used 113612K, committed 114432K, reserved 1179648K
  class space    used 15360K, committed 15808K, reserved 1048576K
}
Event: 14.937 GC heap before
{Heap before GC invocations=37 (full 0):
 garbage-first heap   total 326656K, used 256202K [0x0000000080000000, 0x0000000100000000)
  region size 1024K, 129 young (132096K), 16 survivors (16384K)
 Metaspace       used 116048K, committed 116864K, reserved 1179648K
  class space    used 15597K, committed 16000K, reserved 1048576K
}
Event: 14.942 GC heap after
{Heap after GC invocations=38 (full 0):
 garbage-first heap   total 326656K, used 135869K [0x0000000080000000, 0x0000000100000000)
  region size 1024K, 4 young (4096K), 4 survivors (4096K)
 Metaspace       used 116048K, committed 116864K, reserved 1179648K
  class space    used 15597K, committed 16000K, reserved 1048576K
}
Event: 15.242 GC heap before
{Heap before GC invocations=38 (full 0):
 garbage-first heap   total 326656K, used 261821K [0x0000000080000000, 0x0000000100000000)
  region size 1024K, 128 young (131072K), 4 survivors (4096K)
 Metaspace       used 116794K, committed 117568K, reserved 1179648K
  class space    used 15673K, committed 16064K, reserved 1048576K
}
Event: 15.244 GC heap after
{Heap after GC invocations=39 (full 0):
 garbage-first heap   total 326656K, used 136647K [0x0000000080000000, 0x0000000100000000)
  region size 1024K, 5 young (5120K), 5 survivors (5120K)
 Metaspace       used 116794K, committed 117568K, reserved 1179648K
  class space    used 15673K, committed 16064K, reserved 1048576K
}
Event: 15.653 GC heap before
{Heap before GC invocations=39 (full 0):
 garbage-first heap   total 326656K, used 265671K [0x0000000080000000, 0x0000000100000000)
  region size 1024K, 132 young (135168K), 5 survivors (5120K)
 Metaspace       used 117569K, committed 118400K, reserved 1179648K
  class space    used 15778K, committed 16192K, reserved 1048576K
}
Event: 15.656 GC heap after
{Heap after GC invocations=40 (full 0):
 garbage-first heap   total 326656K, used 138131K [0x0000000080000000, 0x0000000100000000)
  region size 1024K, 6 young (6144K), 6 survivors (6144K)
 Metaspace       used 117569K, committed 118400K, reserved 1179648K
  class space    used 15778K, committed 16192K, reserved 1048576K
}
Event: 16.194 GC heap before
{Heap before GC invocations=40 (full 0):
 garbage-first heap   total 326656K, used 270227K [0x0000000080000000, 0x0000000100000000)
  region size 1024K, 136 young (139264K), 6 survivors (6144K)
 Metaspace       used 122889K, committed 123776K, reserved 1179648K
  class space    used 16645K, committed 17088K, reserved 1048576K
}
Event: 16.203 GC heap after
{Heap after GC invocations=41 (full 0):
 garbage-first heap   total 326656K, used 158432K [0x0000000080000000, 0x0000000100000000)
  region size 1024K, 17 young (17408K), 17 survivors (17408K)
 Metaspace       used 122889K, committed 123776K, reserved 1179648K
  class space    used 16645K, committed 17088K, reserved 1048576K
}
Event: 16.442 GC heap before
{Heap before GC invocations=41 (full 0):
 garbage-first heap   total 326656K, used 264928K [0x0000000080000000, 0x0000000100000000)
  region size 1024K, 121 young (123904K), 17 survivors (17408K)
 Metaspace       used 125749K, committed 126656K, reserved 1179648K
  class space    used 17139K, committed 17600K, reserved 1048576K
}
Event: 16.456 GC heap after
{Heap after GC invocations=42 (full 0):
 garbage-first heap   total 326656K, used 175522K [0x0000000080000000, 0x0000000100000000)
  region size 1024K, 16 young (16384K), 16 survivors (16384K)
 Metaspace       used 125749K, committed 126656K, reserved 1179648K
  class space    used 17139K, committed 17600K, reserved 1048576K
}
Event: 16.707 GC heap before
{Heap before GC invocations=42 (full 0):
 garbage-first heap   total 326656K, used 263586K [0x0000000080000000, 0x0000000100000000)
  region size 1024K, 103 young (105472K), 16 survivors (16384K)
 Metaspace       used 129614K, committed 130560K, reserved 1179648K
  class space    used 17976K, committed 18432K, reserved 1048576K
}
Event: 16.719 GC heap after
{Heap after GC invocations=43 (full 0):
 garbage-first heap   total 326656K, used 189889K [0x0000000080000000, 0x0000000100000000)
  region size 1024K, 13 young (13312K), 13 survivors (13312K)
 Metaspace       used 129614K, committed 130560K, reserved 1179648K
  class space    used 17976K, committed 18432K, reserved 1048576K
}
Event: 16.799 GC heap before
{Heap before GC invocations=43 (full 0):
 garbage-first heap   total 326656K, used 265665K [0x0000000080000000, 0x0000000100000000)
  region size 1024K, 88 young (90112K), 13 survivors (13312K)
 Metaspace       used 130378K, committed 131264K, reserved 1179648K
  class space    used 18117K, committed 18560K, reserved 1048576K
}
Event: 16.810 GC heap after
{Heap after GC invocations=44 (full 0):
 garbage-first heap   total 326656K, used 202566K [0x0000000080000000, 0x0000000100000000)
  region size 1024K, 11 young (11264K), 11 survivors (11264K)
 Metaspace       used 130378K, committed 131264K, reserved 1179648K
  class space    used 18117K, committed 18560K, reserved 1048576K
}
Event: 16.894 GC heap before
{Heap before GC invocations=44 (full 0):
 garbage-first heap   total 326656K, used 267078K [0x0000000080000000, 0x0000000100000000)
  region size 1024K, 75 young (76800K), 11 survivors (11264K)
 Metaspace       used 131402K, committed 132288K, reserved 1179648K
  class space    used 18317K, committed 18752K, reserved 1048576K
}
Event: 16.904 GC heap after
{Heap after GC invocations=45 (full 0):
 garbage-first heap   total 326656K, used 213606K [0x0000000080000000, 0x0000000100000000)
  region size 1024K, 10 young (10240K), 10 survivors (10240K)
 Metaspace       used 131402K, committed 132288K, reserved 1179648K
  class space    used 18317K, committed 18752K, reserved 1048576K
}
Event: 17.060 GC heap before
{Heap before GC invocations=45 (full 0):
 garbage-first heap   total 326656K, used 269926K [0x0000000080000000, 0x0000000100000000)
  region size 1024K, 66 young (67584K), 10 survivors (10240K)
 Metaspace       used 133933K, committed 134848K, reserved 1179648K
  class space    used 18827K, committed 19264K, reserved 1048576K
}

