# JRE version: OpenJDK Runtime Environment (17.0.9) (build 17.0.9+0--11185874)
# Java VM: OpenJDK 64-Bit Server VM (17.0.9+0--11185874, mixed mode, tiered, compressed oops, compressed class ptrs, g1 gc, windows-amd64)
GC Precious Log:
 CPUs: 12 total, 12 available
 Memory: 15713M
 Large Page Support: Disabled
 NUMA Support: Disabled
 Compressed Oops: Enabled (32-bit)
 Heap Region Size: 1M
 Heap Min Capacity: 8M
 Heap Initial Capacity: 246M
 Heap Max Capacity: 2G
 Pre-touch: Disabled
 Parallel Workers: 10
 Concurrent Workers: 3
 Concurrent Refinement Workers: 10
 Periodic GC: Disabled
Heap:
 garbage-first heap   total 251904K, used 112640K [0x0000000080000000, 0x0000000100000000)
  region size 1024K, 4 young (4096K), 4 survivors (4096K)
 Metaspace       used 100004K, committed 100800K, reserved 1179648K
  class space    used 13759K, committed 14144K, reserved 1048576K
GC Heap History (20 events):
Event: 5.344 GC heap after
{Heap after GC invocations=18 (full 0):
 garbage-first heap   total 161792K, used 59292K [0x0000000080000000, 0x0000000100000000)
  region size 1024K, 7 young (7168K), 7 survivors (7168K)
 Metaspace       used 67619K, committed 68224K, reserved 1114112K
  class space    used 9130K, committed 9408K, reserved 1048576K
}
Event: 5.999 GC heap before
{Heap before GC invocations=18 (full 0):
 garbage-first heap   total 161792K, used 128924K [0x0000000080000000, 0x0000000100000000)
  region size 1024K, 73 young (74752K), 7 survivors (7168K)
 Metaspace       used 72514K, committed 73152K, reserved 1114112K
  class space    used 9812K, committed 10112K, reserved 1048576K
}
Event: 6.003 GC heap after
{Heap after GC invocations=19 (full 0):
 garbage-first heap   total 161792K, used 57884K [0x0000000080000000, 0x0000000100000000)
  region size 1024K, 5 young (5120K), 5 survivors (5120K)
 Metaspace       used 72514K, committed 73152K, reserved 1114112K
  class space    used 9812K, committed 10112K, reserved 1048576K
}
Event: 6.670 GC heap before
{Heap before GC invocations=19 (full 0):
 garbage-first heap   total 161792K, used 126492K [0x0000000080000000, 0x0000000100000000)
  region size 1024K, 72 young (73728K), 5 survivors (5120K)
 Metaspace       used 78395K, committed 78976K, reserved 1179648K
  class space    used 10593K, committed 10880K, reserved 1048576K
}
Event: 6.673 GC heap after
{Heap after GC invocations=20 (full 0):
 garbage-first heap   total 161792K, used 60942K [0x0000000080000000, 0x0000000100000000)
  region size 1024K, 8 young (8192K), 8 survivors (8192K)
 Metaspace       used 78395K, committed 78976K, reserved 1179648K
  class space    used 10593K, committed 10880K, reserved 1048576K
}
Event: 7.223 GC heap before
{Heap before GC invocations=20 (full 0):
 garbage-first heap   total 161792K, used 128526K [0x0000000080000000, 0x0000000100000000)
  region size 1024K, 74 young (75776K), 8 survivors (8192K)
 Metaspace       used 83225K, committed 83840K, reserved 1179648K
  class space    used 11439K, committed 11712K, reserved 1048576K
}
Event: 7.227 GC heap after
{Heap after GC invocations=21 (full 0):
 garbage-first heap   total 161792K, used 62617K [0x0000000080000000, 0x0000000100000000)
  region size 1024K, 6 young (6144K), 6 survivors (6144K)
 Metaspace       used 83225K, committed 83840K, reserved 1179648K
  class space    used 11439K, committed 11712K, reserved 1048576K
}
Event: 7.763 GC heap before
{Heap before GC invocations=21 (full 0):
 garbage-first heap   total 161792K, used 130201K [0x0000000080000000, 0x0000000100000000)
  region size 1024K, 72 young (73728K), 6 survivors (6144K)
 Metaspace       used 88681K, committed 89344K, reserved 1179648K
  class space    used 12284K, committed 12608K, reserved 1048576K
}
Event: 7.767 GC heap after
{Heap after GC invocations=22 (full 0):
 garbage-first heap   total 161792K, used 66478K [0x0000000080000000, 0x0000000100000000)
  region size 1024K, 6 young (6144K), 6 survivors (6144K)
 Metaspace       used 88681K, committed 89344K, reserved 1179648K
  class space    used 12284K, committed 12608K, reserved 1048576K
}
Event: 8.218 GC heap before
{Heap before GC invocations=22 (full 0):
 garbage-first heap   total 161792K, used 137134K [0x0000000080000000, 0x0000000100000000)
  region size 1024K, 71 young (72704K), 6 survivors (6144K)
 Metaspace       used 94444K, committed 95168K, reserved 1179648K
  class space    used 12926K, committed 13248K, reserved 1048576K
}
Event: 8.224 GC heap after
{Heap after GC invocations=23 (full 0):
 garbage-first heap   total 161792K, used 72370K [0x0000000080000000, 0x0000000100000000)
  region size 1024K, 9 young (9216K), 9 survivors (9216K)
 Metaspace       used 94444K, committed 95168K, reserved 1179648K
  class space    used 12926K, committed 13248K, reserved 1048576K
}
Event: 8.644 GC heap before
{Heap before GC invocations=23 (full 0):
 garbage-first heap   total 161792K, used 130738K [0x0000000080000000, 0x0000000100000000)
  region size 1024K, 67 young (68608K), 9 survivors (9216K)
 Metaspace       used 96761K, committed 97536K, reserved 1179648K
  class space    used 13396K, committed 13760K, reserved 1048576K
}
Event: 8.651 GC heap after
{Heap after GC invocations=24 (full 0):
 garbage-first heap   total 161792K, used 77611K [0x0000000080000000, 0x0000000100000000)
  region size 1024K, 5 young (5120K), 5 survivors (5120K)
 Metaspace       used 96761K, committed 97536K, reserved 1179648K
  class space    used 13396K, committed 13760K, reserved 1048576K
}
Event: 9.402 GC heap before
{Heap before GC invocations=24 (full 0):
 garbage-first heap   total 161792K, used 127787K [0x0000000080000000, 0x0000000100000000)
  region size 1024K, 56 young (57344K), 5 survivors (5120K)
 Metaspace       used 99079K, committed 99904K, reserved 1179648K
  class space    used 13655K, committed 14080K, reserved 1048576K
}
Event: 9.408 GC heap after
{Heap after GC invocations=25 (full 0):
 garbage-first heap   total 161792K, used 87040K [0x0000000080000000, 0x0000000100000000)
  region size 1024K, 8 young (8192K), 8 survivors (8192K)
 Metaspace       used 99079K, committed 99904K, reserved 1179648K
  class space    used 13655K, committed 14080K, reserved 1048576K
}
Event: 9.726 GC heap before
{Heap before GC invocations=26 (full 0):
 garbage-first heap   total 171008K, used 137216K [0x0000000080000000, 0x0000000100000000)
  region size 1024K, 48 young (49152K), 8 survivors (8192K)
 Metaspace       used 99619K, committed 100352K, reserved 1179648K
  class space    used 13731K, committed 14080K, reserved 1048576K
}
Event: 9.733 GC heap after
{Heap after GC invocations=27 (full 0):
 garbage-first heap   total 171008K, used 105938K [0x0000000080000000, 0x0000000100000000)
  region size 1024K, 6 young (6144K), 6 survivors (6144K)
 Metaspace       used 99619K, committed 100352K, reserved 1179648K
  class space    used 13731K, committed 14080K, reserved 1048576K
}
Event: 9.747 GC heap before
{Heap before GC invocations=27 (full 0):
 garbage-first heap   total 171008K, used 107986K [0x0000000080000000, 0x0000000100000000)
  region size 1024K, 8 young (8192K), 6 survivors (6144K)
 Metaspace       used 99733K, committed 100544K, reserved 1179648K
  class space    used 13746K, committed 14144K, reserved 1048576K
}
Event: 9.751 GC heap after
{Heap after GC invocations=28 (full 0):
 garbage-first heap   total 171008K, used 107819K [0x0000000080000000, 0x0000000100000000)
  region size 1024K, 1 young (1024K), 1 survivors (1024K)
 Metaspace       used 99733K, committed 100544K, reserved 1179648K
  class space    used 13746K, committed 14144K, reserved 1048576K
}
Event: 10.076 GC heap before
{Heap before GC invocations=28 (full 0):
 garbage-first heap   total 171008K, used 142635K [0x0000000080000000, 0x0000000100000000)
  region size 1024K, 28 young (28672K), 1 survivors (1024K)
 Metaspace       used 100004K, committed 100800K, reserved 1179648K
  class space    used 13759K, committed 14144K, reserved 1048576K
}

