# JRE version: OpenJDK Runtime Environment (17.0.9) (build 17.0.9+0--11185874)
# Java VM: OpenJDK 64-Bit Server VM (17.0.9+0--11185874, mixed mode, tiered, compressed oops, compressed class ptrs, g1 gc, windows-amd64)
GC Precious Log:
 CPUs: 12 total, 12 available
 Memory: 15713M
 Large Page Support: Disabled
 NUMA Support: Disabled
 Compressed Oops: Enabled (32-bit)
 Heap Region Size: 1M
 Heap Min Capacity: 8M
 Heap Initial Capacity: 246M
 Heap Max Capacity: 2G
 Pre-touch: Disabled
 Parallel Workers: 10
 Concurrent Workers: 3
 Concurrent Refinement Workers: 10
 Periodic GC: Disabled
Heap:
 garbage-first heap   total 277504K, used 159503K [0x0000000080000000, 0x0000000100000000)
  region size 1024K, 11 young (11264K), 11 survivors (11264K)
 Metaspace       used 108149K, committed 108864K, reserved 1179648K
  class space    used 15106K, committed 15424K, reserved 1048576K
GC Heap History (20 events):
Event: 7.208 GC heap after
{Heap after GC invocations=37 (full 0):
 garbage-first heap   total 173056K, used 71317K [0x0000000080000000, 0x0000000100000000)
  region size 1024K, 9 young (9216K), 9 survivors (9216K)
 Metaspace       used 92845K, committed 93568K, reserved 1179648K
  class space    used 12856K, committed 13184K, reserved 1048576K
}
Event: 7.607 GC heap before
{Heap before GC invocations=37 (full 0):
 garbage-first heap   total 173056K, used 142997K [0x0000000080000000, 0x0000000100000000)
  region size 1024K, 75 young (76800K), 9 survivors (9216K)
 Metaspace       used 96644K, committed 97344K, reserved 1179648K
  class space    used 13412K, committed 13760K, reserved 1048576K
}
Event: 7.613 GC heap after
{Heap after GC invocations=38 (full 0):
 garbage-first heap   total 173056K, used 77483K [0x0000000080000000, 0x0000000100000000)
  region size 1024K, 10 young (10240K), 10 survivors (10240K)
 Metaspace       used 96644K, committed 97344K, reserved 1179648K
  class space    used 13412K, committed 13760K, reserved 1048576K
}
Event: 7.869 GC heap before
{Heap before GC invocations=38 (full 0):
 garbage-first heap   total 173056K, used 137899K [0x0000000080000000, 0x0000000100000000)
  region size 1024K, 70 young (71680K), 10 survivors (10240K)
 Metaspace       used 97262K, committed 97984K, reserved 1179648K
  class space    used 13468K, committed 13824K, reserved 1048576K
}
Event: 7.875 GC heap after
{Heap after GC invocations=39 (full 0):
 garbage-first heap   total 173056K, used 82887K [0x0000000080000000, 0x0000000100000000)
  region size 1024K, 6 young (6144K), 6 survivors (6144K)
 Metaspace       used 97262K, committed 97984K, reserved 1179648K
  class space    used 13468K, committed 13824K, reserved 1048576K
}
Event: 8.070 GC heap before
{Heap before GC invocations=39 (full 0):
 garbage-first heap   total 173056K, used 139207K [0x0000000080000000, 0x0000000100000000)
  region size 1024K, 62 young (63488K), 6 survivors (6144K)
 Metaspace       used 98217K, committed 98944K, reserved 1179648K
  class space    used 13599K, committed 13952K, reserved 1048576K
}
Event: 8.073 GC heap after
{Heap after GC invocations=40 (full 0):
 garbage-first heap   total 173056K, used 87239K [0x0000000080000000, 0x0000000100000000)
  region size 1024K, 5 young (5120K), 5 survivors (5120K)
 Metaspace       used 98217K, committed 98944K, reserved 1179648K
  class space    used 13599K, committed 13952K, reserved 1048576K
}
Event: 8.105 GC heap before
{Heap before GC invocations=40 (full 0):
 garbage-first heap   total 173056K, used 111815K [0x0000000080000000, 0x0000000100000000)
  region size 1024K, 31 young (31744K), 5 survivors (5120K)
 Metaspace       used 98476K, committed 99264K, reserved 1179648K
  class space    used 13633K, committed 14016K, reserved 1048576K
}
Event: 8.107 GC heap after
{Heap after GC invocations=41 (full 0):
 garbage-first heap   total 173056K, used 94635K [0x0000000080000000, 0x0000000100000000)
  region size 1024K, 8 young (8192K), 8 survivors (8192K)
 Metaspace       used 98476K, committed 99264K, reserved 1179648K
  class space    used 13633K, committed 14016K, reserved 1048576K
}
Event: 8.199 GC heap before
{Heap before GC invocations=42 (full 0):
 garbage-first heap   total 215040K, used 140715K [0x0000000080000000, 0x0000000100000000)
  region size 1024K, 52 young (53248K), 8 survivors (8192K)
 Metaspace       used 99088K, committed 99840K, reserved 1179648K
  class space    used 13725K, committed 14080K, reserved 1048576K
}
Event: 8.203 GC heap after
{Heap after GC invocations=43 (full 0):
 garbage-first heap   total 215040K, used 103424K [0x0000000080000000, 0x0000000100000000)
  region size 1024K, 7 young (7168K), 7 survivors (7168K)
 Metaspace       used 99088K, committed 99840K, reserved 1179648K
  class space    used 13725K, committed 14080K, reserved 1048576K
}
Event: 8.213 GC heap before
{Heap before GC invocations=43 (full 0):
 garbage-first heap   total 215040K, used 105472K [0x0000000080000000, 0x0000000100000000)
  region size 1024K, 10 young (10240K), 7 survivors (7168K)
 Metaspace       used 99121K, committed 99840K, reserved 1179648K
  class space    used 13730K, committed 14080K, reserved 1048576K
}
Event: 8.214 GC heap after
{Heap after GC invocations=44 (full 0):
 garbage-first heap   total 277504K, used 101065K [0x0000000080000000, 0x0000000100000000)
  region size 1024K, 2 young (2048K), 2 survivors (2048K)
 Metaspace       used 99121K, committed 99840K, reserved 1179648K
  class space    used 13730K, committed 14080K, reserved 1048576K
}
Event: 8.530 GC heap before
{Heap before GC invocations=44 (full 0):
 garbage-first heap   total 277504K, used 212681K [0x0000000080000000, 0x0000000100000000)
  region size 1024K, 112 young (114688K), 2 survivors (2048K)
 Metaspace       used 103280K, committed 104000K, reserved 1179648K
  class space    used 14331K, committed 14656K, reserved 1048576K
}
Event: 8.539 GC heap after
{Heap after GC invocations=45 (full 0):
 garbage-first heap   total 277504K, used 118784K [0x0000000080000000, 0x0000000100000000)
  region size 1024K, 14 young (14336K), 14 survivors (14336K)
 Metaspace       used 103280K, committed 104000K, reserved 1179648K
  class space    used 14331K, committed 14656K, reserved 1048576K
}
Event: 8.665 GC heap before
{Heap before GC invocations=45 (full 0):
 garbage-first heap   total 277504K, used 210944K [0x0000000080000000, 0x0000000100000000)
  region size 1024K, 104 young (106496K), 14 survivors (14336K)
 Metaspace       used 104878K, committed 105600K, reserved 1179648K
  class space    used 14581K, committed 14912K, reserved 1048576K
}
Event: 8.677 GC heap after
{Heap after GC invocations=46 (full 0):
 garbage-first heap   total 277504K, used 134573K [0x0000000080000000, 0x0000000100000000)
  region size 1024K, 13 young (13312K), 13 survivors (13312K)
 Metaspace       used 104878K, committed 105600K, reserved 1179648K
  class space    used 14581K, committed 14912K, reserved 1048576K
}
Event: 8.791 GC heap before
{Heap before GC invocations=46 (full 0):
 garbage-first heap   total 277504K, used 212397K [0x0000000080000000, 0x0000000100000000)
  region size 1024K, 89 young (91136K), 13 survivors (13312K)
 Metaspace       used 106897K, committed 107648K, reserved 1179648K
  class space    used 14873K, committed 15232K, reserved 1048576K
}
Event: 8.801 GC heap after
{Heap after GC invocations=47 (full 0):
 garbage-first heap   total 277504K, used 147950K [0x0000000080000000, 0x0000000100000000)
  region size 1024K, 12 young (12288K), 12 survivors (12288K)
 Metaspace       used 106897K, committed 107648K, reserved 1179648K
  class space    used 14873K, committed 15232K, reserved 1048576K
}
Event: 8.907 GC heap before
{Heap before GC invocations=47 (full 0):
 garbage-first heap   total 277504K, used 217582K [0x0000000080000000, 0x0000000100000000)
  region size 1024K, 81 young (82944K), 12 survivors (12288K)
 Metaspace       used 108149K, committed 108864K, reserved 1179648K
  class space    used 15106K, committed 15424K, reserved 1048576K
}

