# JRE version: OpenJDK Runtime Environment (17.0.9) (build 17.0.9+0--11185874)
# Java VM: OpenJDK 64-Bit Server VM (17.0.9+0--11185874, mixed mode, tiered, compressed oops, compressed class ptrs, g1 gc, windows-amd64)
GC Precious Log:
 CPUs: 12 total, 12 available
 Memory: 15713M
 Large Page Support: Disabled
 NUMA Support: Disabled
 Compressed Oops: Enabled (32-bit)
 Heap Region Size: 1M
 Heap Min Capacity: 8M
 Heap Initial Capacity: 246M
 Heap Max Capacity: 2G
 Pre-touch: Disabled
 Parallel Workers: 10
 Concurrent Workers: 3
 Concurrent Refinement Workers: 10
 Periodic GC: Disabled
Heap:
 garbage-first heap   total 229376K, used 103695K [0x0000000080000000, 0x0000000100000000)
  region size 1024K, 24 young (24576K), 12 survivors (12288K)
 Metaspace       used 99781K, committed 100480K, reserved 1179648K
  class space    used 13821K, committed 14144K, reserved 1048576K
GC Heap History (20 events):
Event: 5.051 GC heap before
{Heap before GC invocations=28 (full 0):
 garbage-first heap   total 110592K, used 81602K [0x0000000080000000, 0x0000000100000000)
  region size 1024K, 31 young (31744K), 1 survivors (1024K)
 Metaspace       used 67601K, committed 68224K, reserved 1114112K
  class space    used 9137K, committed 9408K, reserved 1048576K
}
Event: 5.053 GC heap after
{Heap after GC invocations=29 (full 0):
 garbage-first heap   total 110592K, used 53882K [0x0000000080000000, 0x0000000100000000)
  region size 1024K, 3 young (3072K), 3 survivors (3072K)
 Metaspace       used 67601K, committed 68224K, reserved 1114112K
  class space    used 9137K, committed 9408K, reserved 1048576K
}
Event: 5.234 GC heap before
{Heap before GC invocations=30 (full 0):
 garbage-first heap   total 114688K, used 92794K [0x0000000080000000, 0x0000000100000000)
  region size 1024K, 35 young (35840K), 3 survivors (3072K)
 Metaspace       used 69102K, committed 69696K, reserved 1114112K
  class space    used 9345K, committed 9600K, reserved 1048576K
}
Event: 5.236 GC heap after
{Heap after GC invocations=31 (full 0):
 garbage-first heap   total 114688K, used 56875K [0x0000000080000000, 0x0000000100000000)
  region size 1024K, 5 young (5120K), 5 survivors (5120K)
 Metaspace       used 69102K, committed 69696K, reserved 1114112K
  class space    used 9345K, committed 9600K, reserved 1048576K
}
Event: 5.243 GC heap before
{Heap before GC invocations=31 (full 0):
 garbage-first heap   total 114688K, used 57899K [0x0000000080000000, 0x0000000100000000)
  region size 1024K, 6 young (6144K), 5 survivors (5120K)
 Metaspace       used 69161K, committed 69760K, reserved 1114112K
  class space    used 9357K, committed 9664K, reserved 1048576K
}
Event: 5.245 GC heap after
{Heap after GC invocations=32 (full 0):
 garbage-first heap   total 114688K, used 57183K [0x0000000080000000, 0x0000000100000000)
  region size 1024K, 1 young (1024K), 1 survivors (1024K)
 Metaspace       used 69161K, committed 69760K, reserved 1114112K
  class space    used 9357K, committed 9664K, reserved 1048576K
}
Event: 5.440 GC heap before
{Heap before GC invocations=32 (full 0):
 garbage-first heap   total 114688K, used 88927K [0x0000000080000000, 0x0000000100000000)
  region size 1024K, 32 young (32768K), 1 survivors (1024K)
 Metaspace       used 71395K, committed 71936K, reserved 1114112K
  class space    used 9635K, committed 9920K, reserved 1048576K
}
Event: 5.441 GC heap after
{Heap after GC invocations=33 (full 0):
 garbage-first heap   total 114688K, used 58214K [0x0000000080000000, 0x0000000100000000)
  region size 1024K, 2 young (2048K), 2 survivors (2048K)
 Metaspace       used 71395K, committed 71936K, reserved 1114112K
  class space    used 9635K, committed 9920K, reserved 1048576K
}
Event: 5.664 GC heap before
{Heap before GC invocations=34 (full 0):
 garbage-first heap   total 114688K, used 89958K [0x0000000080000000, 0x0000000100000000)
  region size 1024K, 33 young (33792K), 2 survivors (2048K)
 Metaspace       used 75323K, committed 75904K, reserved 1179648K
  class space    used 10191K, committed 10432K, reserved 1048576K
}
Event: 5.666 GC heap after
{Heap after GC invocations=35 (full 0):
 garbage-first heap   total 114688K, used 59291K [0x0000000080000000, 0x0000000100000000)
  region size 1024K, 3 young (3072K), 3 survivors (3072K)
 Metaspace       used 75323K, committed 75904K, reserved 1179648K
  class space    used 10191K, committed 10432K, reserved 1048576K
}
Event: 5.684 GC heap before
{Heap before GC invocations=35 (full 0):
 garbage-first heap   total 114688K, used 61339K [0x0000000080000000, 0x0000000100000000)
  region size 1024K, 5 young (5120K), 3 survivors (3072K)
 Metaspace       used 75524K, committed 76160K, reserved 1179648K
  class space    used 10230K, committed 10496K, reserved 1048576K
}
Event: 5.685 GC heap after
{Heap after GC invocations=36 (full 0):
 garbage-first heap   total 114688K, used 59383K [0x0000000080000000, 0x0000000100000000)
  region size 1024K, 1 young (1024K), 1 survivors (1024K)
 Metaspace       used 75524K, committed 76160K, reserved 1179648K
  class space    used 10230K, committed 10496K, reserved 1048576K
}
Event: 5.892 GC heap before
{Heap before GC invocations=36 (full 0):
 garbage-first heap   total 114688K, used 91127K [0x0000000080000000, 0x0000000100000000)
  region size 1024K, 33 young (33792K), 1 survivors (1024K)
 Metaspace       used 77544K, committed 78144K, reserved 1179648K
  class space    used 10474K, committed 10752K, reserved 1048576K
}
Event: 5.893 GC heap after
{Heap after GC invocations=37 (full 0):
 garbage-first heap   total 229376K, used 60587K [0x0000000080000000, 0x0000000100000000)
  region size 1024K, 2 young (2048K), 2 survivors (2048K)
 Metaspace       used 77544K, committed 78144K, reserved 1179648K
  class space    used 10474K, committed 10752K, reserved 1048576K
}
Event: 6.734 GC heap before
{Heap before GC invocations=37 (full 0):
 garbage-first heap   total 229376K, used 165035K [0x0000000080000000, 0x0000000100000000)
  region size 1024K, 104 young (106496K), 2 survivors (2048K)
 Metaspace       used 85420K, committed 86080K, reserved 1179648K
  class space    used 11790K, committed 12096K, reserved 1048576K
}
Event: 6.737 GC heap after
{Heap after GC invocations=38 (full 0):
 garbage-first heap   total 229376K, used 64573K [0x0000000080000000, 0x0000000100000000)
  region size 1024K, 6 young (6144K), 6 survivors (6144K)
 Metaspace       used 85420K, committed 86080K, reserved 1179648K
  class space    used 11790K, committed 12096K, reserved 1048576K
}
Event: 7.680 GC heap before
{Heap before GC invocations=38 (full 0):
 garbage-first heap   total 229376K, used 188477K [0x0000000080000000, 0x0000000100000000)
  region size 1024K, 123 young (125952K), 6 survivors (6144K)
 Metaspace       used 95178K, committed 95872K, reserved 1179648K
  class space    used 13098K, committed 13440K, reserved 1048576K
}
Event: 7.686 GC heap after
{Heap after GC invocations=39 (full 0):
 garbage-first heap   total 229376K, used 73289K [0x0000000080000000, 0x0000000100000000)
  region size 1024K, 15 young (15360K), 15 survivors (15360K)
 Metaspace       used 95178K, committed 95872K, reserved 1179648K
  class space    used 13098K, committed 13440K, reserved 1048576K
}
Event: 8.316 GC heap before
{Heap before GC invocations=39 (full 0):
 garbage-first heap   total 229376K, used 180809K [0x0000000080000000, 0x0000000100000000)
  region size 1024K, 121 young (123904K), 15 survivors (15360K)
 Metaspace       used 97600K, committed 98304K, reserved 1179648K
  class space    used 13515K, committed 13824K, reserved 1048576K
}
Event: 8.325 GC heap after
{Heap after GC invocations=40 (full 0):
 garbage-first heap   total 229376K, used 82040K [0x0000000080000000, 0x0000000100000000)
  region size 1024K, 9 young (9216K), 9 survivors (9216K)
 Metaspace       used 97600K, committed 98304K, reserved 1179648K
  class space    used 13515K, committed 13824K, reserved 1048576K
}

