# JRE version: OpenJDK Runtime Environment (17.0.9) (build 17.0.9+0--11185874)
# Java VM: OpenJDK 64-Bit Server VM (17.0.9+0--11185874, mixed mode, tiered, compressed oops, compressed class ptrs, g1 gc, windows-amd64)
GC Precious Log:
 CPUs: 12 total, 12 available
 Memory: 15713M
 Large Page Support: Disabled
 NUMA Support: Disabled
 Compressed Oops: Enabled (32-bit)
 Heap Region Size: 1M
 Heap Min Capacity: 8M
 Heap Initial Capacity: 246M
 Heap Max Capacity: 2G
 Pre-touch: Disabled
 Parallel Workers: 10
 Concurrent Workers: 3
 Concurrent Refinement Workers: 10
 Periodic GC: Disabled
Heap:
 garbage-first heap   total 251904K, used 106413K [0x0000000080000000, 0x0000000100000000)
  region size 1024K, 2 young (2048K), 2 survivors (2048K)
 Metaspace       used 104716K, committed 105536K, reserved 1179648K
  class space    used 14390K, committed 14784K, reserved 1048576K
GC Heap History (20 events):
Event: 6.423 GC heap after
{Heap after GC invocations=31 (full 0):
 garbage-first heap   total 204800K, used 63654K [0x0000000080000000, 0x0000000100000000)
  region size 1024K, 6 young (6144K), 6 survivors (6144K)
 Metaspace       used 81726K, committed 82368K, reserved 1179648K
  class space    used 11242K, committed 11520K, reserved 1048576K
}
Event: 6.459 GC heap before
{Heap before GC invocations=31 (full 0):
 garbage-first heap   total 204800K, used 66726K [0x0000000080000000, 0x0000000100000000)
  region size 1024K, 10 young (10240K), 6 survivors (6144K)
 Metaspace       used 82025K, committed 82688K, reserved 1179648K
  class space    used 11293K, committed 11584K, reserved 1048576K
}
Event: 6.461 GC heap after
{Heap after GC invocations=32 (full 0):
 garbage-first heap   total 204800K, used 63889K [0x0000000080000000, 0x0000000100000000)
  region size 1024K, 1 young (1024K), 1 survivors (1024K)
 Metaspace       used 82025K, committed 82688K, reserved 1179648K
  class space    used 11293K, committed 11584K, reserved 1048576K
}
Event: 7.267 GC heap before
{Heap before GC invocations=32 (full 0):
 garbage-first heap   total 204800K, used 165265K [0x0000000080000000, 0x0000000100000000)
  region size 1024K, 100 young (102400K), 1 survivors (1024K)
 Metaspace       used 90793K, committed 91456K, reserved 1179648K
  class space    used 12589K, committed 12928K, reserved 1048576K
}
Event: 7.271 GC heap after
{Heap after GC invocations=33 (full 0):
 garbage-first heap   total 204800K, used 68270K [0x0000000080000000, 0x0000000100000000)
  region size 1024K, 6 young (6144K), 6 survivors (6144K)
 Metaspace       used 90793K, committed 91456K, reserved 1179648K
  class space    used 12589K, committed 12928K, reserved 1048576K
}
Event: 7.891 GC heap before
{Heap before GC invocations=34 (full 0):
 garbage-first heap   total 204800K, used 169646K [0x0000000080000000, 0x0000000100000000)
  region size 1024K, 101 young (103424K), 6 survivors (6144K)
 Metaspace       used 96506K, committed 97216K, reserved 1179648K
  class space    used 13401K, committed 13760K, reserved 1048576K
}
Event: 7.898 GC heap after
{Heap after GC invocations=35 (full 0):
 garbage-first heap   total 204800K, used 76860K [0x0000000080000000, 0x0000000100000000)
  region size 1024K, 13 young (13312K), 13 survivors (13312K)
 Metaspace       used 96506K, committed 97216K, reserved 1179648K
  class space    used 13401K, committed 13760K, reserved 1048576K
}
Event: 7.902 GC heap before
{Heap before GC invocations=35 (full 0):
 garbage-first heap   total 204800K, used 76860K [0x0000000080000000, 0x0000000100000000)
  region size 1024K, 14 young (14336K), 13 survivors (13312K)
 Metaspace       used 96511K, committed 97216K, reserved 1179648K
  class space    used 13401K, committed 13760K, reserved 1048576K
}
Event: 7.907 GC heap after
{Heap after GC invocations=36 (full 0):
 garbage-first heap   total 204800K, used 78161K [0x0000000080000000, 0x0000000100000000)
  region size 1024K, 2 young (2048K), 2 survivors (2048K)
 Metaspace       used 96511K, committed 97216K, reserved 1179648K
  class space    used 13401K, committed 13760K, reserved 1048576K
}
Event: 8.086 GC heap before
{Heap before GC invocations=36 (full 0):
 garbage-first heap   total 204800K, used 108881K [0x0000000080000000, 0x0000000100000000)
  region size 1024K, 34 young (34816K), 2 survivors (2048K)
 Metaspace       used 97317K, committed 98048K, reserved 1179648K
  class space    used 13530K, committed 13888K, reserved 1048576K
}
Event: 8.088 GC heap after
{Heap after GC invocations=37 (full 0):
 garbage-first heap   total 204800K, used 78772K [0x0000000080000000, 0x0000000100000000)
  region size 1024K, 3 young (3072K), 3 survivors (3072K)
 Metaspace       used 97317K, committed 98048K, reserved 1179648K
  class space    used 13530K, committed 13888K, reserved 1048576K
}
Event: 8.704 GC heap before
{Heap before GC invocations=38 (full 0):
 garbage-first heap   total 204800K, used 185268K [0x0000000080000000, 0x0000000100000000)
  region size 1024K, 89 young (91136K), 3 survivors (3072K)
 Metaspace       used 101455K, committed 102208K, reserved 1179648K
  class space    used 13971K, committed 14336K, reserved 1048576K
}
Event: 8.707 GC heap after
{Heap after GC invocations=39 (full 0):
 garbage-first heap   total 204800K, used 80685K [0x0000000080000000, 0x0000000100000000)
  region size 1024K, 5 young (5120K), 5 survivors (5120K)
 Metaspace       used 101455K, committed 102208K, reserved 1179648K
  class space    used 13971K, committed 14336K, reserved 1048576K
}
Event: 8.739 GC heap before
{Heap before GC invocations=39 (full 0):
 garbage-first heap   total 204800K, used 85805K [0x0000000080000000, 0x0000000100000000)
  region size 1024K, 10 young (10240K), 5 survivors (5120K)
 Metaspace       used 101723K, committed 102464K, reserved 1179648K
  class space    used 14010K, committed 14336K, reserved 1048576K
}
Event: 8.742 GC heap after
{Heap after GC invocations=40 (full 0):
 garbage-first heap   total 204800K, used 80373K [0x0000000080000000, 0x0000000100000000)
  region size 1024K, 1 young (1024K), 1 survivors (1024K)
 Metaspace       used 101723K, committed 102464K, reserved 1179648K
  class space    used 14010K, committed 14336K, reserved 1048576K
}
Event: 9.033 GC heap before
{Heap before GC invocations=40 (full 0):
 garbage-first heap   total 204800K, used 168437K [0x0000000080000000, 0x0000000100000000)
  region size 1024K, 88 young (90112K), 1 survivors (1024K)
 Metaspace       used 103090K, committed 103808K, reserved 1179648K
  class space    used 14159K, committed 14528K, reserved 1048576K
}
Event: 9.037 GC heap after
{Heap after GC invocations=41 (full 0):
 garbage-first heap   total 204800K, used 87782K [0x0000000080000000, 0x0000000100000000)
  region size 1024K, 8 young (8192K), 8 survivors (8192K)
 Metaspace       used 103090K, committed 103808K, reserved 1179648K
  class space    used 14159K, committed 14528K, reserved 1048576K
}
Event: 9.181 GC heap before
{Heap before GC invocations=42 (full 0):
 garbage-first heap   total 204800K, used 169702K [0x0000000080000000, 0x0000000100000000)
  region size 1024K, 87 young (89088K), 8 survivors (8192K)
 Metaspace       used 104699K, committed 105536K, reserved 1179648K
  class space    used 14386K, committed 14784K, reserved 1048576K
}
Event: 9.186 GC heap after
{Heap after GC invocations=43 (full 0):
 garbage-first heap   total 204800K, used 106993K [0x0000000080000000, 0x0000000100000000)
  region size 1024K, 11 young (11264K), 11 survivors (11264K)
 Metaspace       used 104699K, committed 105536K, reserved 1179648K
  class space    used 14386K, committed 14784K, reserved 1048576K
}
Event: 9.191 GC heap before
{Heap before GC invocations=43 (full 0):
 garbage-first heap   total 204800K, used 106993K [0x0000000080000000, 0x0000000100000000)
  region size 1024K, 12 young (12288K), 11 survivors (11264K)
 Metaspace       used 104716K, committed 105536K, reserved 1179648K
  class space    used 14390K, committed 14784K, reserved 1048576K
}

