# JRE version: OpenJDK Runtime Environment (17.0.9) (build 17.0.9+0--11185874)
# Java VM: OpenJDK 64-Bit Server VM (17.0.9+0--11185874, mixed mode, tiered, compressed oops, compressed class ptrs, g1 gc, windows-amd64)
GC Precious Log:
 CPUs: 12 total, 12 available
 Memory: 15713M
 Large Page Support: Disabled
 NUMA Support: Disabled
 Compressed Oops: Enabled (32-bit)
 Heap Region Size: 1M
 Heap Min Capacity: 8M
 Heap Initial Capacity: 246M
 Heap Max Capacity: 2G
 Pre-touch: Disabled
 Parallel Workers: 10
 Concurrent Workers: 3
 Concurrent Refinement Workers: 10
 Periodic GC: Disabled
Heap:
 garbage-first heap   total 265216K, used 207553K [0x0000000080000000, 0x0000000100000000)
  region size 1024K, 72 young (73728K), 10 survivors (10240K)
 Metaspace       used 112184K, committed 112960K, reserved 1179648K
  class space    used 16236K, committed 16640K, reserved 1048576K
GC Heap History (20 events):
Event: 7.117 GC heap before
{Heap before GC invocations=27 (full 0):
 garbage-first heap   total 208896K, used 163290K [0x0000000080000000, 0x0000000100000000)
  region size 1024K, 105 young (107520K), 6 survivors (6144K)
 Metaspace       used 88536K, committed 89152K, reserved 1179648K
  class space    used 12273K, committed 12544K, reserved 1048576K
}
Event: 7.122 GC heap after
{Heap after GC invocations=28 (full 0):
 garbage-first heap   total 208896K, used 66846K [0x0000000080000000, 0x0000000100000000)
  region size 1024K, 11 young (11264K), 11 survivors (11264K)
 Metaspace       used 88536K, committed 89152K, reserved 1179648K
  class space    used 12273K, committed 12544K, reserved 1048576K
}
Event: 7.831 GC heap before
{Heap before GC invocations=28 (full 0):
 garbage-first heap   total 208896K, used 170270K [0x0000000080000000, 0x0000000100000000)
  region size 1024K, 108 young (110592K), 11 survivors (11264K)
 Metaspace       used 96324K, committed 97088K, reserved 1179648K
  class space    used 13331K, committed 13696K, reserved 1048576K
}
Event: 7.839 GC heap after
{Heap after GC invocations=29 (full 0):
 garbage-first heap   total 208896K, used 76041K [0x0000000080000000, 0x0000000100000000)
  region size 1024K, 14 young (14336K), 14 survivors (14336K)
 Metaspace       used 96324K, committed 97088K, reserved 1179648K
  class space    used 13331K, committed 13696K, reserved 1048576K
}
Event: 8.226 GC heap before
{Heap before GC invocations=29 (full 0):
 garbage-first heap   total 208896K, used 164105K [0x0000000080000000, 0x0000000100000000)
  region size 1024K, 101 young (103424K), 14 survivors (14336K)
 Metaspace       used 97380K, committed 98112K, reserved 1179648K
  class space    used 13476K, committed 13824K, reserved 1048576K
}
Event: 8.233 GC heap after
{Heap after GC invocations=30 (full 0):
 garbage-first heap   total 208896K, used 82356K [0x0000000080000000, 0x0000000100000000)
  region size 1024K, 7 young (7168K), 7 survivors (7168K)
 Metaspace       used 97380K, committed 98112K, reserved 1179648K
  class space    used 13476K, committed 13824K, reserved 1048576K
}
Event: 8.451 GC heap before
{Heap before GC invocations=30 (full 0):
 garbage-first heap   total 208896K, used 166324K [0x0000000080000000, 0x0000000100000000)
  region size 1024K, 90 young (92160K), 7 survivors (7168K)
 Metaspace       used 98867K, committed 99584K, reserved 1179648K
  class space    used 13724K, committed 14080K, reserved 1048576K
}
Event: 8.455 GC heap after
{Heap after GC invocations=31 (full 0):
 garbage-first heap   total 208896K, used 92295K [0x0000000080000000, 0x0000000100000000)
  region size 1024K, 12 young (12288K), 12 survivors (12288K)
 Metaspace       used 98867K, committed 99584K, reserved 1179648K
  class space    used 13724K, committed 14080K, reserved 1048576K
}
Event: 8.755 GC heap before
{Heap before GC invocations=31 (full 0):
 garbage-first heap   total 208896K, used 164999K [0x0000000080000000, 0x0000000100000000)
  region size 1024K, 84 young (86016K), 12 survivors (12288K)
 Metaspace       used 103294K, committed 104000K, reserved 1179648K
  class space    used 14448K, committed 14784K, reserved 1048576K
}
Event: 8.762 GC heap after
{Heap after GC invocations=32 (full 0):
 garbage-first heap   total 208896K, used 102825K [0x0000000080000000, 0x0000000100000000)
  region size 1024K, 10 young (10240K), 10 survivors (10240K)
 Metaspace       used 103294K, committed 104000K, reserved 1179648K
  class space    used 14448K, committed 14784K, reserved 1048576K
}
Event: 8.901 GC heap before
{Heap before GC invocations=32 (full 0):
 garbage-first heap   total 208896K, used 166313K [0x0000000080000000, 0x0000000100000000)
  region size 1024K, 72 young (73728K), 10 survivors (10240K)
 Metaspace       used 105489K, committed 106240K, reserved 1179648K
  class space    used 14859K, committed 15232K, reserved 1048576K
}
Event: 8.910 GC heap after
{Heap after GC invocations=33 (full 0):
 garbage-first heap   total 208896K, used 113587K [0x0000000080000000, 0x0000000100000000)
  region size 1024K, 9 young (9216K), 9 survivors (9216K)
 Metaspace       used 105489K, committed 106240K, reserved 1179648K
  class space    used 14859K, committed 15232K, reserved 1048576K
}
Event: 8.979 GC heap before
{Heap before GC invocations=33 (full 0):
 garbage-first heap   total 208896K, used 165811K [0x0000000080000000, 0x0000000100000000)
  region size 1024K, 61 young (62464K), 9 survivors (9216K)
 Metaspace       used 106633K, committed 107392K, reserved 1179648K
  class space    used 15044K, committed 15424K, reserved 1048576K
}
Event: 8.988 GC heap after
{Heap after GC invocations=34 (full 0):
 garbage-first heap   total 250880K, used 123015K [0x0000000080000000, 0x0000000100000000)
  region size 1024K, 8 young (8192K), 8 survivors (8192K)
 Metaspace       used 106633K, committed 107392K, reserved 1179648K
  class space    used 15044K, committed 15424K, reserved 1048576K
}
Event: 9.140 GC heap before
{Heap before GC invocations=35 (full 0):
 garbage-first heap   total 265216K, used 195719K [0x0000000080000000, 0x0000000100000000)
  region size 1024K, 80 young (81920K), 8 survivors (8192K)
 Metaspace       used 108734K, committed 109440K, reserved 1179648K
  class space    used 15468K, committed 15808K, reserved 1048576K
}
Event: 9.149 GC heap after
{Heap after GC invocations=36 (full 0):
 garbage-first heap   total 265216K, used 134257K [0x0000000080000000, 0x0000000100000000)
  region size 1024K, 10 young (10240K), 10 survivors (10240K)
 Metaspace       used 108734K, committed 109440K, reserved 1179648K
  class space    used 15468K, committed 15808K, reserved 1048576K
}
Event: 9.172 GC heap before
{Heap before GC invocations=36 (full 0):
 garbage-first heap   total 265216K, used 136305K [0x0000000080000000, 0x0000000100000000)
  region size 1024K, 12 young (12288K), 10 survivors (10240K)
 Metaspace       used 108978K, committed 109696K, reserved 1179648K
  class space    used 15545K, committed 15872K, reserved 1048576K
}
Event: 9.176 GC heap after
{Heap after GC invocations=37 (full 0):
 garbage-first heap   total 265216K, used 136028K [0x0000000080000000, 0x0000000100000000)
  region size 1024K, 2 young (2048K), 2 survivors (2048K)
 Metaspace       used 108978K, committed 109696K, reserved 1179648K
  class space    used 15545K, committed 15872K, reserved 1048576K
}
Event: 9.304 GC heap before
{Heap before GC invocations=37 (full 0):
 garbage-first heap   total 265216K, used 208732K [0x0000000080000000, 0x0000000100000000)
  region size 1024K, 74 young (75776K), 2 survivors (2048K)
 Metaspace       used 111146K, committed 111872K, reserved 1179648K
  class space    used 16017K, committed 16384K, reserved 1048576K
}
Event: 9.311 GC heap after
{Heap after GC invocations=38 (full 0):
 garbage-first heap   total 265216K, used 146113K [0x0000000080000000, 0x0000000100000000)
  region size 1024K, 10 young (10240K), 10 survivors (10240K)
 Metaspace       used 111146K, committed 111872K, reserved 1179648K
  class space    used 16017K, committed 16384K, reserved 1048576K
}

