# JRE version: OpenJDK Runtime Environment (17.0.9) (build 17.0.9+0--11185874)
# Java VM: OpenJDK 64-Bit Server VM (17.0.9+0--11185874, mixed mode, tiered, compressed oops, compressed class ptrs, g1 gc, windows-amd64)
GC Precious Log:
 CPUs: 12 total, 12 available
 Memory: 15713M
 Large Page Support: Disabled
 NUMA Support: Disabled
 Compressed Oops: Enabled (32-bit)
 Heap Region Size: 1M
 Heap Min Capacity: 8M
 Heap Initial Capacity: 246M
 Heap Max Capacity: 2G
 Pre-touch: Disabled
 Parallel Workers: 10
 Concurrent Workers: 3
 Concurrent Refinement Workers: 10
 Periodic GC: Disabled
Heap:
 garbage-first heap   total 257024K, used 164450K [0x0000000080000000, 0x0000000100000000)
  region size 1024K, 8 young (8192K), 8 survivors (8192K)
 Metaspace       used 113812K, committed 114624K, reserved 1179648K
  class space    used 15777K, committed 16192K, reserved 1048576K
GC Heap History (20 events):
Event: 7.748 GC heap after
{Heap after GC invocations=33 (full 0):
 garbage-first heap   total 197632K, used 76949K [0x0000000080000000, 0x0000000100000000)
  region size 1024K, 12 young (12288K), 12 survivors (12288K)
 Metaspace       used 96670K, committed 97408K, reserved 1179648K
  class space    used 13408K, committed 13760K, reserved 1048576K
}
Event: 8.313 GC heap before
{Heap before GC invocations=33 (full 0):
 garbage-first heap   total 197632K, used 177301K [0x0000000080000000, 0x0000000100000000)
  region size 1024K, 92 young (94208K), 12 survivors (12288K)
 Metaspace       used 100259K, committed 100992K, reserved 1179648K
  class space    used 13825K, committed 14208K, reserved 1048576K
}
Event: 8.318 GC heap after
{Heap after GC invocations=34 (full 0):
 garbage-first heap   total 197632K, used 79472K [0x0000000080000000, 0x0000000100000000)
  region size 1024K, 3 young (3072K), 3 survivors (3072K)
 Metaspace       used 100259K, committed 100992K, reserved 1179648K
  class space    used 13825K, committed 14208K, reserved 1048576K
}
Event: 8.604 GC heap before
{Heap before GC invocations=34 (full 0):
 garbage-first heap   total 197632K, used 161392K [0x0000000080000000, 0x0000000100000000)
  region size 1024K, 84 young (86016K), 3 survivors (3072K)
 Metaspace       used 102622K, committed 103360K, reserved 1179648K
  class space    used 14091K, committed 14464K, reserved 1048576K
}
Event: 8.608 GC heap after
{Heap after GC invocations=35 (full 0):
 garbage-first heap   total 197632K, used 84110K [0x0000000080000000, 0x0000000100000000)
  region size 1024K, 8 young (8192K), 8 survivors (8192K)
 Metaspace       used 102622K, committed 103360K, reserved 1179648K
  class space    used 14091K, committed 14464K, reserved 1048576K
}
Event: 8.770 GC heap before
{Heap before GC invocations=35 (full 0):
 garbage-first heap   total 197632K, used 162958K [0x0000000080000000, 0x0000000100000000)
  region size 1024K, 84 young (86016K), 8 survivors (8192K)
 Metaspace       used 104157K, committed 104960K, reserved 1179648K
  class space    used 14299K, committed 14720K, reserved 1048576K
}
Event: 8.776 GC heap after
{Heap after GC invocations=36 (full 0):
 garbage-first heap   total 197632K, used 98083K [0x0000000080000000, 0x0000000100000000)
  region size 1024K, 11 young (11264K), 11 survivors (11264K)
 Metaspace       used 104157K, committed 104960K, reserved 1179648K
  class space    used 14299K, committed 14720K, reserved 1048576K
}
Event: 8.950 GC heap before
{Heap before GC invocations=36 (full 0):
 garbage-first heap   total 197632K, used 157475K [0x0000000080000000, 0x0000000100000000)
  region size 1024K, 70 young (71680K), 11 survivors (11264K)
 Metaspace       used 106697K, committed 107520K, reserved 1179648K
  class space    used 14684K, committed 15104K, reserved 1048576K
}
Event: 8.954 GC heap after
{Heap after GC invocations=37 (full 0):
 garbage-first heap   total 197632K, used 106149K [0x0000000080000000, 0x0000000100000000)
  region size 1024K, 9 young (9216K), 9 survivors (9216K)
 Metaspace       used 106697K, committed 107520K, reserved 1179648K
  class space    used 14684K, committed 15104K, reserved 1048576K
}
Event: 9.108 GC heap before
{Heap before GC invocations=37 (full 0):
 garbage-first heap   total 197632K, used 155301K [0x0000000080000000, 0x0000000100000000)
  region size 1024K, 58 young (59392K), 9 survivors (9216K)
 Metaspace       used 108233K, committed 108992K, reserved 1179648K
  class space    used 14893K, committed 15296K, reserved 1048576K
}
Event: 9.114 GC heap after
{Heap after GC invocations=38 (full 0):
 garbage-first heap   total 197632K, used 112089K [0x0000000080000000, 0x0000000100000000)
  region size 1024K, 8 young (8192K), 8 survivors (8192K)
 Metaspace       used 108233K, committed 108992K, reserved 1179648K
  class space    used 14893K, committed 15296K, reserved 1048576K
}
Event: 9.177 GC heap before
{Heap before GC invocations=38 (full 0):
 garbage-first heap   total 197632K, used 155097K [0x0000000080000000, 0x0000000100000000)
  region size 1024K, 51 young (52224K), 8 survivors (8192K)
 Metaspace       used 108897K, committed 109696K, reserved 1179648K
  class space    used 14993K, committed 15424K, reserved 1048576K
}
Event: 9.184 GC heap after
{Heap after GC invocations=39 (full 0):
 garbage-first heap   total 257024K, used 120315K [0x0000000080000000, 0x0000000100000000)
  region size 1024K, 7 young (7168K), 7 survivors (7168K)
 Metaspace       used 108897K, committed 109696K, reserved 1179648K
  class space    used 14993K, committed 15424K, reserved 1048576K
}
Event: 9.340 GC heap before
{Heap before GC invocations=39 (full 0):
 garbage-first heap   total 257024K, used 198139K [0x0000000080000000, 0x0000000100000000)
  region size 1024K, 83 young (84992K), 7 survivors (7168K)
 Metaspace       used 110495K, committed 111360K, reserved 1179648K
  class space    used 15250K, committed 15680K, reserved 1048576K
}
Event: 9.350 GC heap after
{Heap after GC invocations=40 (full 0):
 garbage-first heap   total 257024K, used 135098K [0x0000000080000000, 0x0000000100000000)
  region size 1024K, 11 young (11264K), 11 survivors (11264K)
 Metaspace       used 110495K, committed 111360K, reserved 1179648K
  class space    used 15250K, committed 15680K, reserved 1048576K
}
Event: 9.427 GC heap before
{Heap before GC invocations=40 (full 0):
 garbage-first heap   total 257024K, used 200634K [0x0000000080000000, 0x0000000100000000)
  region size 1024K, 75 young (76800K), 11 survivors (11264K)
 Metaspace       used 111357K, committed 112192K, reserved 1179648K
  class space    used 15344K, committed 15744K, reserved 1048576K
}
Event: 9.436 GC heap after
{Heap after GC invocations=41 (full 0):
 garbage-first heap   total 257024K, used 146616K [0x0000000080000000, 0x0000000100000000)
  region size 1024K, 10 young (10240K), 10 survivors (10240K)
 Metaspace       used 111357K, committed 112192K, reserved 1179648K
  class space    used 15344K, committed 15744K, reserved 1048576K
}
Event: 9.592 GC heap before
{Heap before GC invocations=41 (full 0):
 garbage-first heap   total 257024K, used 202936K [0x0000000080000000, 0x0000000100000000)
  region size 1024K, 66 young (67584K), 10 survivors (10240K)
 Metaspace       used 113749K, committed 114560K, reserved 1179648K
  class space    used 15773K, committed 16192K, reserved 1048576K
}
Event: 9.600 GC heap after
{Heap after GC invocations=42 (full 0):
 garbage-first heap   total 257024K, used 155468K [0x0000000080000000, 0x0000000100000000)
  region size 1024K, 8 young (8192K), 8 survivors (8192K)
 Metaspace       used 113749K, committed 114560K, reserved 1179648K
  class space    used 15773K, committed 16192K, reserved 1048576K
}
Event: 9.643 GC heap before
{Heap before GC invocations=42 (full 0):
 garbage-first heap   total 257024K, used 207692K [0x0000000080000000, 0x0000000100000000)
  region size 1024K, 59 young (60416K), 8 survivors (8192K)
 Metaspace       used 113812K, committed 114624K, reserved 1179648K
  class space    used 15777K, committed 16192K, reserved 1048576K
}

