# JRE version: OpenJDK Runtime Environment (17.0.9) (build 17.0.9+0--11185874)
# Java VM: OpenJDK 64-Bit Server VM (17.0.9+0--11185874, mixed mode, tiered, compressed oops, compressed class ptrs, g1 gc, windows-amd64)
GC Precious Log:
 CPUs: 12 total, 12 available
 Memory: 15713M
 Large Page Support: Disabled
 NUMA Support: Disabled
 Compressed Oops: Enabled (32-bit)
 Heap Region Size: 1M
 Heap Min Capacity: 8M
 Heap Initial Capacity: 246M
 Heap Max Capacity: 2G
 Pre-touch: Disabled
 Parallel Workers: 10
 Concurrent Workers: 3
 Concurrent Refinement Workers: 10
 Periodic GC: Disabled
Heap:
 garbage-first heap   total 389120K, used 275812K [0x0000000080000000, 0x0000000100000000)
  region size 1024K, 96 young (98304K), 4 survivors (4096K)
 Metaspace       used 129137K, committed 129984K, reserved 1179648K
  class space    used 18791K, committed 19200K, reserved 1048576K
GC Heap History (20 events):
Event: 9.311 GC heap before
{Heap before GC invocations=32 (full 0):
 garbage-first heap   total 194560K, used 158893K [0x0000000080000000, 0x0000000100000000)
  region size 1024K, 62 young (63488K), 2 survivors (2048K)
 Metaspace       used 107603K, committed 108352K, reserved 1179648K
  class space    used 14793K, committed 15168K, reserved 1048576K
}
Event: 9.313 GC heap after
{Heap after GC invocations=33 (full 0):
 garbage-first heap   total 194560K, used 100429K [0x0000000080000000, 0x0000000100000000)
  region size 1024K, 4 young (4096K), 4 survivors (4096K)
 Metaspace       used 107603K, committed 108352K, reserved 1179648K
  class space    used 14793K, committed 15168K, reserved 1048576K
}
Event: 9.421 GC heap before
{Heap before GC invocations=33 (full 0):
 garbage-first heap   total 194560K, used 159821K [0x0000000080000000, 0x0000000100000000)
  region size 1024K, 63 young (64512K), 4 survivors (4096K)
 Metaspace       used 107610K, committed 108352K, reserved 1179648K
  class space    used 14793K, committed 15168K, reserved 1048576K
}
Event: 9.424 GC heap after
{Heap after GC invocations=34 (full 0):
 garbage-first heap   total 389120K, used 101732K [0x0000000080000000, 0x0000000100000000)
  region size 1024K, 5 young (5120K), 5 survivors (5120K)
 Metaspace       used 107610K, committed 108352K, reserved 1179648K
  class space    used 14793K, committed 15168K, reserved 1048576K
}
Event: 9.934 GC heap before
{Heap before GC invocations=34 (full 0):
 garbage-first heap   total 389120K, used 317796K [0x0000000080000000, 0x0000000100000000)
  region size 1024K, 215 young (220160K), 5 survivors (5120K)
 Metaspace       used 107875K, committed 108672K, reserved 1179648K
  class space    used 14838K, committed 15232K, reserved 1048576K
}
Event: 9.938 GC heap after
{Heap after GC invocations=35 (full 0):
 garbage-first heap   total 389120K, used 104886K [0x0000000080000000, 0x0000000100000000)
  region size 1024K, 8 young (8192K), 8 survivors (8192K)
 Metaspace       used 107875K, committed 108672K, reserved 1179648K
  class space    used 14838K, committed 15232K, reserved 1048576K
}
Event: 10.632 GC heap before
{Heap before GC invocations=35 (full 0):
 garbage-first heap   total 389120K, used 328118K [0x0000000080000000, 0x0000000100000000)
  region size 1024K, 227 young (232448K), 8 survivors (8192K)
 Metaspace       used 116336K, committed 117120K, reserved 1179648K
  class space    used 16295K, committed 16704K, reserved 1048576K
}
Event: 10.648 GC heap after
{Heap after GC invocations=36 (full 0):
 garbage-first heap   total 389120K, used 134501K [0x0000000080000000, 0x0000000100000000)
  region size 1024K, 29 young (29696K), 29 survivors (29696K)
 Metaspace       used 116336K, committed 117120K, reserved 1179648K
  class space    used 16295K, committed 16704K, reserved 1048576K
}
Event: 10.932 GC heap before
{Heap before GC invocations=36 (full 0):
 garbage-first heap   total 389120K, used 308581K [0x0000000080000000, 0x0000000100000000)
  region size 1024K, 200 young (204800K), 29 survivors (29696K)
 Metaspace       used 121346K, committed 122112K, reserved 1179648K
  class space    used 17333K, committed 17728K, reserved 1048576K
}
Event: 10.954 GC heap after
{Heap after GC invocations=37 (full 0):
 garbage-first heap   total 389120K, used 160108K [0x0000000080000000, 0x0000000100000000)
  region size 1024K, 25 young (25600K), 25 survivors (25600K)
 Metaspace       used 121346K, committed 122112K, reserved 1179648K
  class space    used 17333K, committed 17728K, reserved 1048576K
}
Event: 11.223 GC heap before
{Heap before GC invocations=37 (full 0):
 garbage-first heap   total 389120K, used 306540K [0x0000000080000000, 0x0000000100000000)
  region size 1024K, 169 young (173056K), 25 survivors (25600K)
 Metaspace       used 125842K, committed 126656K, reserved 1179648K
  class space    used 18300K, committed 18688K, reserved 1048576K
}
Event: 11.239 GC heap after
{Heap after GC invocations=38 (full 0):
 garbage-first heap   total 389120K, used 180224K [0x0000000080000000, 0x0000000100000000)
  region size 1024K, 19 young (19456K), 19 survivors (19456K)
 Metaspace       used 125842K, committed 126656K, reserved 1179648K
  class space    used 18300K, committed 18688K, reserved 1048576K
}
Event: 11.485 GC heap before
{Heap before GC invocations=38 (full 0):
 garbage-first heap   total 389120K, used 312320K [0x0000000080000000, 0x0000000100000000)
  region size 1024K, 148 young (151552K), 19 survivors (19456K)
 Metaspace       used 126803K, committed 127552K, reserved 1179648K
  class space    used 18465K, committed 18816K, reserved 1048576K
}
Event: 11.493 GC heap after
{Heap after GC invocations=39 (full 0):
 garbage-first heap   total 389120K, used 182572K [0x0000000080000000, 0x0000000100000000)
  region size 1024K, 4 young (4096K), 4 survivors (4096K)
 Metaspace       used 126803K, committed 127552K, reserved 1179648K
  class space    used 18465K, committed 18816K, reserved 1048576K
}
Event: 11.667 GC heap before
{Heap before GC invocations=39 (full 0):
 garbage-first heap   total 389120K, used 316716K [0x0000000080000000, 0x0000000100000000)
  region size 1024K, 136 young (139264K), 4 survivors (4096K)
 Metaspace       used 127603K, committed 128384K, reserved 1179648K
  class space    used 18589K, committed 18944K, reserved 1048576K
}
Event: 11.670 GC heap after
{Heap after GC invocations=40 (full 0):
 garbage-first heap   total 389120K, used 181610K [0x0000000080000000, 0x0000000100000000)
  region size 1024K, 3 young (3072K), 3 survivors (3072K)
 Metaspace       used 127603K, committed 128384K, reserved 1179648K
  class space    used 18589K, committed 18944K, reserved 1048576K
}
Event: 11.832 GC heap before
{Heap before GC invocations=40 (full 0):
 garbage-first heap   total 389120K, used 322922K [0x0000000080000000, 0x0000000100000000)
  region size 1024K, 141 young (144384K), 3 survivors (3072K)
 Metaspace       used 128136K, committed 128960K, reserved 1179648K
  class space    used 18654K, committed 19008K, reserved 1048576K
}
Event: 11.836 GC heap after
{Heap after GC invocations=41 (full 0):
 garbage-first heap   total 389120K, used 181961K [0x0000000080000000, 0x0000000100000000)
  region size 1024K, 3 young (3072K), 3 survivors (3072K)
 Metaspace       used 128136K, committed 128960K, reserved 1179648K
  class space    used 18654K, committed 19008K, reserved 1048576K
}
Event: 12.005 GC heap before
{Heap before GC invocations=41 (full 0):
 garbage-first heap   total 389120K, used 327369K [0x0000000080000000, 0x0000000100000000)
  region size 1024K, 145 young (148480K), 3 survivors (3072K)
 Metaspace       used 128798K, committed 129600K, reserved 1179648K
  class space    used 18764K, committed 19136K, reserved 1048576K
}
Event: 12.009 GC heap after
{Heap after GC invocations=42 (full 0):
 garbage-first heap   total 389120K, used 182628K [0x0000000080000000, 0x0000000100000000)
  region size 1024K, 4 young (4096K), 4 survivors (4096K)
 Metaspace       used 128798K, committed 129600K, reserved 1179648K
  class space    used 18764K, committed 19136K, reserved 1048576K
}

