# JRE version: OpenJDK Runtime Environment (17.0.9) (build 17.0.9+0--11185874)
# Java VM: OpenJDK 64-Bit Server VM (17.0.9+0--11185874, mixed mode, tiered, compressed oops, compressed class ptrs, g1 gc, windows-amd64)
GC Precious Log:
 CPUs: 12 total, 12 available
 Memory: 15713M
 Large Page Support: Disabled
 NUMA Support: Disabled
 Compressed Oops: Enabled (32-bit)
 Heap Region Size: 1M
 Heap Min Capacity: 8M
 Heap Initial Capacity: 246M
 Heap Max Capacity: 2G
 Pre-touch: Disabled
 Parallel Workers: 10
 Concurrent Workers: 3
 Concurrent Refinement Workers: 10
 Periodic GC: Disabled
Heap:
 garbage-first heap   total 203776K, used 99026K [0x0000000080000000, 0x0000000100000000)
  region size 1024K, 4 young (4096K), 4 survivors (4096K)
 Metaspace       used 98770K, committed 99520K, reserved 1179648K
  class space    used 13655K, committed 14016K, reserved 1048576K
GC Heap History (20 events):
Event: 7.019 GC heap after
{Heap after GC invocations=49 (full 0):
 garbage-first heap   total 114688K, used 65753K [0x0000000080000000, 0x0000000100000000)
  region size 1024K, 1 young (1024K), 1 survivors (1024K)
 Metaspace       used 86057K, committed 86720K, reserved 1179648K
  class space    used 11890K, committed 12224K, reserved 1048576K
}
Event: 7.231 GC heap before
{Heap before GC invocations=49 (full 0):
 garbage-first heap   total 114688K, used 95449K [0x0000000080000000, 0x0000000100000000)
  region size 1024K, 30 young (30720K), 1 survivors (1024K)
 Metaspace       used 88289K, committed 88960K, reserved 1179648K
  class space    used 12228K, committed 12544K, reserved 1048576K
}
Event: 7.233 GC heap after
{Heap after GC invocations=50 (full 0):
 garbage-first heap   total 114688K, used 66480K [0x0000000080000000, 0x0000000100000000)
  region size 1024K, 2 young (2048K), 2 survivors (2048K)
 Metaspace       used 88289K, committed 88960K, reserved 1179648K
  class space    used 12228K, committed 12544K, reserved 1048576K
}
Event: 7.496 GC heap before
{Heap before GC invocations=51 (full 0):
 garbage-first heap   total 117760K, used 96176K [0x0000000080000000, 0x0000000100000000)
  region size 1024K, 31 young (31744K), 2 survivors (2048K)
 Metaspace       used 91302K, committed 92032K, reserved 1179648K
  class space    used 12667K, committed 12992K, reserved 1048576K
}
Event: 7.498 GC heap after
{Heap after GC invocations=52 (full 0):
 garbage-first heap   total 141312K, used 67936K [0x0000000080000000, 0x0000000100000000)
  region size 1024K, 3 young (3072K), 3 survivors (3072K)
 Metaspace       used 91302K, committed 92032K, reserved 1179648K
  class space    used 12667K, committed 12992K, reserved 1048576K
}
Event: 7.801 GC heap before
{Heap before GC invocations=52 (full 0):
 garbage-first heap   total 141312K, used 104800K [0x0000000080000000, 0x0000000100000000)
  region size 1024K, 41 young (41984K), 3 survivors (3072K)
 Metaspace       used 93616K, committed 94336K, reserved 1179648K
  class space    used 12925K, committed 13248K, reserved 1048576K
}
Event: 7.805 GC heap after
{Heap after GC invocations=53 (full 0):
 garbage-first heap   total 141312K, used 73066K [0x0000000080000000, 0x0000000100000000)
  region size 1024K, 7 young (7168K), 7 survivors (7168K)
 Metaspace       used 93616K, committed 94336K, reserved 1179648K
  class space    used 12925K, committed 13248K, reserved 1048576K
}
Event: 8.129 GC heap before
{Heap before GC invocations=54 (full 0):
 garbage-first heap   total 141312K, used 120170K [0x0000000080000000, 0x0000000100000000)
  region size 1024K, 49 young (50176K), 7 survivors (7168K)
 Metaspace       used 96520K, committed 97280K, reserved 1179648K
  class space    used 13407K, committed 13760K, reserved 1048576K
}
Event: 8.133 GC heap after
{Heap after GC invocations=55 (full 0):
 garbage-first heap   total 141312K, used 76243K [0x0000000080000000, 0x0000000100000000)
  region size 1024K, 4 young (4096K), 4 survivors (4096K)
 Metaspace       used 96520K, committed 97280K, reserved 1179648K
  class space    used 13407K, committed 13760K, reserved 1048576K
}
Event: 8.370 GC heap before
{Heap before GC invocations=55 (full 0):
 garbage-first heap   total 141312K, used 115155K [0x0000000080000000, 0x0000000100000000)
  region size 1024K, 43 young (44032K), 4 survivors (4096K)
 Metaspace       used 96934K, committed 97664K, reserved 1179648K
  class space    used 13440K, committed 13760K, reserved 1048576K
}
Event: 8.375 GC heap after
{Heap after GC invocations=56 (full 0):
 garbage-first heap   total 141312K, used 79038K [0x0000000080000000, 0x0000000100000000)
  region size 1024K, 3 young (3072K), 3 survivors (3072K)
 Metaspace       used 96934K, committed 97664K, reserved 1179648K
  class space    used 13440K, committed 13760K, reserved 1048576K
}
Event: 8.594 GC heap before
{Heap before GC invocations=57 (full 0):
 garbage-first heap   total 145408K, used 115902K [0x0000000080000000, 0x0000000100000000)
  region size 1024K, 40 young (40960K), 3 survivors (3072K)
 Metaspace       used 97420K, committed 98176K, reserved 1179648K
  class space    used 13487K, committed 13824K, reserved 1048576K
}
Event: 8.597 GC heap after
{Heap after GC invocations=58 (full 0):
 garbage-first heap   total 145408K, used 81872K [0x0000000080000000, 0x0000000100000000)
  region size 1024K, 3 young (3072K), 3 survivors (3072K)
 Metaspace       used 97420K, committed 98176K, reserved 1179648K
  class space    used 13487K, committed 13824K, reserved 1048576K
}
Event: 8.780 GC heap before
{Heap before GC invocations=58 (full 0):
 garbage-first heap   total 145408K, used 118736K [0x0000000080000000, 0x0000000100000000)
  region size 1024K, 40 young (40960K), 3 survivors (3072K)
 Metaspace       used 97689K, committed 98432K, reserved 1179648K
  class space    used 13497K, committed 13824K, reserved 1048576K
}
Event: 8.784 GC heap after
{Heap after GC invocations=59 (full 0):
 garbage-first heap   total 145408K, used 84584K [0x0000000080000000, 0x0000000100000000)
  region size 1024K, 3 young (3072K), 3 survivors (3072K)
 Metaspace       used 97689K, committed 98432K, reserved 1179648K
  class space    used 13497K, committed 13824K, reserved 1048576K
}
Event: 8.993 GC heap before
{Heap before GC invocations=60 (full 0):
 garbage-first heap   total 150528K, used 120424K [0x0000000080000000, 0x0000000100000000)
  region size 1024K, 39 young (39936K), 3 survivors (3072K)
 Metaspace       used 98409K, committed 99136K, reserved 1179648K
  class space    used 13609K, committed 13952K, reserved 1048576K
}
Event: 8.996 GC heap after
{Heap after GC invocations=61 (full 0):
 garbage-first heap   total 150528K, used 91248K [0x0000000080000000, 0x0000000100000000)
  region size 1024K, 5 young (5120K), 5 survivors (5120K)
 Metaspace       used 98409K, committed 99136K, reserved 1179648K
  class space    used 13609K, committed 13952K, reserved 1048576K
}
Event: 8.999 GC heap before
{Heap before GC invocations=61 (full 0):
 garbage-first heap   total 150528K, used 92272K [0x0000000080000000, 0x0000000100000000)
  region size 1024K, 7 young (7168K), 5 survivors (5120K)
 Metaspace       used 98413K, committed 99136K, reserved 1179648K
  class space    used 13609K, committed 13952K, reserved 1048576K
}
Event: 9.001 GC heap after
{Heap after GC invocations=62 (full 0):
 garbage-first heap   total 150528K, used 90803K [0x0000000080000000, 0x0000000100000000)
  region size 1024K, 1 young (1024K), 1 survivors (1024K)
 Metaspace       used 98413K, committed 99136K, reserved 1179648K
  class space    used 13609K, committed 13952K, reserved 1048576K
}
Event: 9.040 GC heap before
{Heap before GC invocations=62 (full 0):
 garbage-first heap   total 150528K, used 123571K [0x0000000080000000, 0x0000000100000000)
  region size 1024K, 32 young (32768K), 1 survivors (1024K)
 Metaspace       used 98770K, committed 99520K, reserved 1179648K
  class space    used 13655K, committed 14016K, reserved 1048576K
}

