# JRE version: OpenJDK Runtime Environment (17.0.9) (build 17.0.9+0--11185874)
# Java VM: OpenJDK 64-Bit Server VM (17.0.9+0--11185874, mixed mode, tiered, compressed oops, compressed class ptrs, g1 gc, windows-amd64)
GC Precious Log:
 CPUs: 12 total, 12 available
 Memory: 15713M
 Large Page Support: Disabled
 NUMA Support: Disabled
 Compressed Oops: Enabled (32-bit)
 Heap Region Size: 1M
 Heap Min Capacity: 8M
 Heap Initial Capacity: 246M
 Heap Max Capacity: 2G
 Pre-touch: Disabled
 Parallel Workers: 10
 Concurrent Workers: 3
 Concurrent Refinement Workers: 10
 Periodic GC: Disabled
Heap:
 garbage-first heap   total 440320K, used 210568K [0x0000000080000000, 0x0000000100000000)
  region size 1024K, 2 young (2048K), 2 survivors (2048K)
 Metaspace       used 198973K, committed 199936K, reserved 1245184K
  class space    used 25248K, committed 25728K, reserved 1048576K
GC Heap History (20 events):
Event: 3106.435 GC heap after
{Heap after GC invocations=79 (full 0):
 garbage-first heap   total 362496K, used 204235K [0x0000000080000000, 0x0000000100000000)
  region size 1024K, 2 young (2048K), 2 survivors (2048K)
 Metaspace       used 189176K, committed 190272K, reserved 1245184K
  class space    used 24212K, committed 24768K, reserved 1048576K
}
Event: 3107.425 GC heap before
{Heap before GC invocations=79 (full 0):
 garbage-first heap   total 362496K, used 302539K [0x0000000080000000, 0x0000000100000000)
  region size 1024K, 98 young (100352K), 2 survivors (2048K)
 Metaspace       used 192605K, committed 193792K, reserved 1245184K
  class space    used 24729K, committed 25280K, reserved 1048576K
}
Event: 3107.431 GC heap after
{Heap after GC invocations=80 (full 0):
 garbage-first heap   total 362496K, used 212360K [0x0000000080000000, 0x0000000100000000)
  region size 1024K, 10 young (10240K), 10 survivors (10240K)
 Metaspace       used 192605K, committed 193792K, reserved 1245184K
  class space    used 24729K, committed 25280K, reserved 1048576K
}
Event: 3108.278 GC heap before
{Heap before GC invocations=80 (full 0):
 garbage-first heap   total 362496K, used 275848K [0x0000000080000000, 0x0000000100000000)
  region size 1024K, 74 young (75776K), 10 survivors (10240K)
 Metaspace       used 194887K, committed 196096K, reserved 1245184K
  class space    used 24953K, committed 25600K, reserved 1048576K
}
Event: 3108.285 GC heap after
{Heap after GC invocations=81 (full 0):
 garbage-first heap   total 362496K, used 223529K [0x0000000080000000, 0x0000000100000000)
  region size 1024K, 11 young (11264K), 11 survivors (11264K)
 Metaspace       used 194887K, committed 196096K, reserved 1245184K
  class space    used 24953K, committed 25600K, reserved 1048576K
}
Event: 3109.187 GC heap before
{Heap before GC invocations=82 (full 0):
 garbage-first heap   total 408576K, used 317737K [0x0000000080000000, 0x0000000100000000)
  region size 1024K, 87 young (89088K), 11 survivors (11264K)
 Metaspace       used 195001K, committed 196352K, reserved 1245184K
  class space    used 24862K, committed 25600K, reserved 1048576K
}
Event: 3109.203 GC heap after
{Heap after GC invocations=83 (full 0):
 garbage-first heap   total 408576K, used 245278K [0x0000000080000000, 0x0000000100000000)
  region size 1024K, 11 young (11264K), 11 survivors (11264K)
 Metaspace       used 195001K, committed 196352K, reserved 1245184K
  class space    used 24862K, committed 25600K, reserved 1048576K
}
Event: 3109.277 GC heap before
{Heap before GC invocations=83 (full 0):
 garbage-first heap   total 408576K, used 253470K [0x0000000080000000, 0x0000000100000000)
  region size 1024K, 19 young (19456K), 11 survivors (11264K)
 Metaspace       used 195027K, committed 196352K, reserved 1245184K
  class space    used 24865K, committed 25600K, reserved 1048576K
}
Event: 3109.295 GC heap after
{Heap after GC invocations=84 (full 0):
 garbage-first heap   total 408576K, used 230400K [0x0000000080000000, 0x0000000100000000)
  region size 1024K, 3 young (3072K), 3 survivors (3072K)
 Metaspace       used 195027K, committed 196352K, reserved 1245184K
  class space    used 24865K, committed 25600K, reserved 1048576K
}
Event: 3109.307 GC heap before
{Heap before GC invocations=84 (full 0):
 garbage-first heap   total 408576K, used 231424K [0x0000000080000000, 0x0000000100000000)
  region size 1024K, 6 young (6144K), 3 survivors (3072K)
 Metaspace       used 195027K, committed 196352K, reserved 1245184K
  class space    used 24865K, committed 25600K, reserved 1048576K
}
Event: 3109.310 GC heap after
{Heap after GC invocations=85 (full 0):
 garbage-first heap   total 408576K, used 232546K [0x0000000080000000, 0x0000000100000000)
  region size 1024K, 6 young (6144K), 6 survivors (6144K)
 Metaspace       used 195027K, committed 196352K, reserved 1245184K
  class space    used 24865K, committed 25600K, reserved 1048576K
}
Event: 3109.578 GC heap before
{Heap before GC invocations=86 (full 0):
 garbage-first heap   total 440320K, used 306274K [0x0000000080000000, 0x0000000100000000)
  region size 1024K, 62 young (63488K), 6 survivors (6144K)
 Metaspace       used 197062K, committed 198080K, reserved 1245184K
  class space    used 25046K, committed 25600K, reserved 1048576K
}
Event: 3109.584 GC heap after
{Heap after GC invocations=87 (full 0):
 garbage-first heap   total 440320K, used 240251K [0x0000000080000000, 0x0000000100000000)
  region size 1024K, 8 young (8192K), 8 survivors (8192K)
 Metaspace       used 197062K, committed 198080K, reserved 1245184K
  class space    used 25046K, committed 25600K, reserved 1048576K
}
Event: 3109.626 GC heap before
{Heap before GC invocations=87 (full 0):
 garbage-first heap   total 440320K, used 252539K [0x0000000080000000, 0x0000000100000000)
  region size 1024K, 21 young (21504K), 8 survivors (8192K)
 Metaspace       used 198015K, committed 199040K, reserved 1245184K
  class space    used 25158K, committed 25728K, reserved 1048576K
}
Event: 3109.633 GC heap after
{Heap after GC invocations=88 (full 0):
 garbage-first heap   total 440320K, used 239031K [0x0000000080000000, 0x0000000100000000)
  region size 1024K, 2 young (2048K), 2 survivors (2048K)
 Metaspace       used 198015K, committed 199040K, reserved 1245184K
  class space    used 25158K, committed 25728K, reserved 1048576K
}
Event: 3109.673 GC heap before
{Heap before GC invocations=88 (full 0):
 garbage-first heap   total 440320K, used 254391K [0x0000000080000000, 0x0000000100000000)
  region size 1024K, 18 young (18432K), 2 survivors (2048K)
 Metaspace       used 198154K, committed 199168K, reserved 1245184K
  class space    used 25173K, committed 25728K, reserved 1048576K
}
Event: 3109.676 GC heap after
{Heap after GC invocations=89 (full 0):
 garbage-first heap   total 440320K, used 239938K [0x0000000080000000, 0x0000000100000000)
  region size 1024K, 3 young (3072K), 3 survivors (3072K)
 Metaspace       used 198154K, committed 199168K, reserved 1245184K
  class space    used 25173K, committed 25728K, reserved 1048576K
}
Event: 3109.865 GC heap before
{Heap before GC invocations=90 (full 0):
 garbage-first heap   total 440320K, used 305474K [0x0000000080000000, 0x0000000100000000)
  region size 1024K, 82 young (83968K), 3 survivors (3072K)
 Metaspace       used 198914K, committed 199872K, reserved 1245184K
  class space    used 25246K, committed 25728K, reserved 1048576K
}
Event: 3109.868 GC heap after
{Heap after GC invocations=91 (full 0):
 garbage-first heap   total 440320K, used 227509K [0x0000000080000000, 0x0000000100000000)
  region size 1024K, 5 young (5120K), 5 survivors (5120K)
 Metaspace       used 198914K, committed 199872K, reserved 1245184K
  class space    used 25246K, committed 25728K, reserved 1048576K
}
Event: 3109.895 GC heap before
{Heap before GC invocations=91 (full 0):
 garbage-first heap   total 440320K, used 242869K [0x0000000080000000, 0x0000000100000000)
  region size 1024K, 21 young (21504K), 5 survivors (5120K)
 Metaspace       used 198973K, committed 199936K, reserved 1245184K
  class space    used 25248K, committed 25728K, reserved 1048576K
}

