# JRE version: OpenJDK Runtime Environment (17.0.9) (build 17.0.9+0--11185874)
# Java VM: OpenJDK 64-Bit Server VM (17.0.9+0--11185874, mixed mode, tiered, compressed oops, compressed class ptrs, g1 gc, windows-amd64)
GC Precious Log:
 CPUs: 12 total, 12 available
 Memory: 15713M
 Large Page Support: Disabled
 NUMA Support: Disabled
 Compressed Oops: Enabled (32-bit)
 Heap Region Size: 1M
 Heap Min Capacity: 8M
 Heap Initial Capacity: 246M
 Heap Max Capacity: 2G
 Pre-touch: Disabled
 Parallel Workers: 10
 Concurrent Workers: 3
 Concurrent Refinement Workers: 10
 Periodic GC: Disabled
Heap:
 garbage-first heap   total 251904K, used 106269K [0x0000000080000000, 0x0000000100000000)
  region size 1024K, 2 young (2048K), 2 survivors (2048K)
 Metaspace       used 103059K, committed 103808K, reserved 1179648K
  class space    used 14148K, committed 14528K, reserved 1048576K
GC Heap History (20 events):
Event: 7.497 GC heap after
{Heap after GC invocations=36 (full 0):
 garbage-first heap   total 134144K, used 73426K [0x0000000080000000, 0x0000000100000000)
  region size 1024K, 6 young (6144K), 6 survivors (6144K)
 Metaspace       used 93662K, committed 94336K, reserved 1179648K
  class space    used 12935K, committed 13248K, reserved 1048576K
}
Event: 7.774 GC heap before
{Heap before GC invocations=37 (full 0):
 garbage-first heap   total 135168K, used 112338K [0x0000000080000000, 0x0000000100000000)
  region size 1024K, 40 young (40960K), 6 survivors (6144K)
 Metaspace       used 96471K, committed 97216K, reserved 1179648K
  class space    used 13392K, committed 13760K, reserved 1048576K
}
Event: 7.778 GC heap after
{Heap after GC invocations=38 (full 0):
 garbage-first heap   total 135168K, used 76625K [0x0000000080000000, 0x0000000100000000)
  region size 1024K, 4 young (4096K), 4 survivors (4096K)
 Metaspace       used 96471K, committed 97216K, reserved 1179648K
  class space    used 13392K, committed 13760K, reserved 1048576K
}
Event: 7.909 GC heap before
{Heap before GC invocations=38 (full 0):
 garbage-first heap   total 135168K, used 108369K [0x0000000080000000, 0x0000000100000000)
  region size 1024K, 36 young (36864K), 4 survivors (4096K)
 Metaspace       used 96801K, committed 97536K, reserved 1179648K
  class space    used 13444K, committed 13760K, reserved 1048576K
}
Event: 7.911 GC heap after
{Heap after GC invocations=39 (full 0):
 garbage-first heap   total 135168K, used 78887K [0x0000000080000000, 0x0000000100000000)
  region size 1024K, 3 young (3072K), 3 survivors (3072K)
 Metaspace       used 96801K, committed 97536K, reserved 1179648K
  class space    used 13444K, committed 13760K, reserved 1048576K
}
Event: 8.208 GC heap before
{Heap before GC invocations=40 (full 0):
 garbage-first heap   total 137216K, used 111655K [0x0000000080000000, 0x0000000100000000)
  region size 1024K, 34 young (34816K), 3 survivors (3072K)
 Metaspace       used 98648K, committed 99392K, reserved 1179648K
  class space    used 13656K, committed 14016K, reserved 1048576K
}
Event: 8.212 GC heap after
{Heap after GC invocations=41 (full 0):
 garbage-first heap   total 137216K, used 91268K [0x0000000080000000, 0x0000000100000000)
  region size 1024K, 5 young (5120K), 5 survivors (5120K)
 Metaspace       used 98648K, committed 99392K, reserved 1179648K
  class space    used 13656K, committed 14016K, reserved 1048576K
}
Event: 8.218 GC heap before
{Heap before GC invocations=41 (full 0):
 garbage-first heap   total 137216K, used 92292K [0x0000000080000000, 0x0000000100000000)
  region size 1024K, 6 young (6144K), 5 survivors (5120K)
 Metaspace       used 98650K, committed 99392K, reserved 1179648K
  class space    used 13656K, committed 14016K, reserved 1048576K
}
Event: 8.221 GC heap after
{Heap after GC invocations=42 (full 0):
 garbage-first heap   total 164864K, used 92796K [0x0000000080000000, 0x0000000100000000)
  region size 1024K, 1 young (1024K), 1 survivors (1024K)
 Metaspace       used 98650K, committed 99392K, reserved 1179648K
  class space    used 13656K, committed 14016K, reserved 1048576K
}
Event: 8.505 GC heap before
{Heap before GC invocations=42 (full 0):
 garbage-first heap   total 164864K, used 125564K [0x0000000080000000, 0x0000000100000000)
  region size 1024K, 34 young (34816K), 1 survivors (1024K)
 Metaspace       used 99240K, committed 99968K, reserved 1179648K
  class space    used 13711K, committed 14080K, reserved 1048576K
}
Event: 8.510 GC heap after
{Heap after GC invocations=43 (full 0):
 garbage-first heap   total 164864K, used 105457K [0x0000000080000000, 0x0000000100000000)
  region size 1024K, 5 young (5120K), 5 survivors (5120K)
 Metaspace       used 99240K, committed 99968K, reserved 1179648K
  class space    used 13711K, committed 14080K, reserved 1048576K
}
Event: 8.695 GC heap before
{Heap before GC invocations=44 (full 0):
 garbage-first heap   total 209920K, used 142321K [0x0000000080000000, 0x0000000100000000)
  region size 1024K, 25 young (25600K), 5 survivors (5120K)
 Metaspace       used 101126K, committed 101888K, reserved 1179648K
  class space    used 13921K, committed 14272K, reserved 1048576K
}
Event: 8.698 GC heap after
{Heap after GC invocations=45 (full 0):
 garbage-first heap   total 209920K, used 107290K [0x0000000080000000, 0x0000000100000000)
  region size 1024K, 2 young (2048K), 2 survivors (2048K)
 Metaspace       used 101126K, committed 101888K, reserved 1179648K
  class space    used 13921K, committed 14272K, reserved 1048576K
}
Event: 8.720 GC heap before
{Heap before GC invocations=45 (full 0):
 garbage-first heap   total 209920K, used 114458K [0x0000000080000000, 0x0000000100000000)
  region size 1024K, 10 young (10240K), 2 survivors (2048K)
 Metaspace       used 101348K, committed 102080K, reserved 1179648K
  class space    used 13946K, committed 14272K, reserved 1048576K
}
Event: 8.722 GC heap after
{Heap after GC invocations=46 (full 0):
 garbage-first heap   total 209920K, used 107308K [0x0000000080000000, 0x0000000100000000)
  region size 1024K, 2 young (2048K), 2 survivors (2048K)
 Metaspace       used 101348K, committed 102080K, reserved 1179648K
  class space    used 13946K, committed 14272K, reserved 1048576K
}
Event: 8.925 GC heap before
{Heap before GC invocations=46 (full 0):
 garbage-first heap   total 209920K, used 153388K [0x0000000080000000, 0x0000000100000000)
  region size 1024K, 48 young (49152K), 2 survivors (2048K)
 Metaspace       used 102199K, committed 102976K, reserved 1179648K
  class space    used 14036K, committed 14400K, reserved 1048576K
}
Event: 8.928 GC heap after
{Heap after GC invocations=47 (full 0):
 garbage-first heap   total 209920K, used 110256K [0x0000000080000000, 0x0000000100000000)
  region size 1024K, 5 young (5120K), 5 survivors (5120K)
 Metaspace       used 102199K, committed 102976K, reserved 1179648K
  class space    used 14036K, committed 14400K, reserved 1048576K
}
Event: 9.055 GC heap before
{Heap before GC invocations=48 (full 0):
 garbage-first heap   total 211968K, used 157360K [0x0000000080000000, 0x0000000100000000)
  region size 1024K, 52 young (53248K), 5 survivors (5120K)
 Metaspace       used 102839K, committed 103616K, reserved 1179648K
  class space    used 14116K, committed 14528K, reserved 1048576K
}
Event: 9.059 GC heap after
{Heap after GC invocations=49 (full 0):
 garbage-first heap   total 211968K, used 114180K [0x0000000080000000, 0x0000000100000000)
  region size 1024K, 7 young (7168K), 7 survivors (7168K)
 Metaspace       used 102839K, committed 103616K, reserved 1179648K
  class space    used 14116K, committed 14528K, reserved 1048576K
}
Event: 9.072 GC heap before
{Heap before GC invocations=49 (full 0):
 garbage-first heap   total 211968K, used 117252K [0x0000000080000000, 0x0000000100000000)
  region size 1024K, 10 young (10240K), 7 survivors (7168K)
 Metaspace       used 103059K, committed 103808K, reserved 1179648K
  class space    used 14148K, committed 14528K, reserved 1048576K
}

