# JRE version: OpenJDK Runtime Environment (17.0.9) (build 17.0.9+0--11185874)
# Java VM: OpenJDK 64-Bit Server VM (17.0.9+0--11185874, mixed mode, tiered, compressed oops, compressed class ptrs, g1 gc, windows-amd64)
GC Precious Log:
 CPUs: 12 total, 12 available
 Memory: 15713M
 Large Page Support: Disabled
 NUMA Support: Disabled
 Compressed Oops: Enabled (32-bit)
 Heap Region Size: 1M
 Heap Min Capacity: 8M
 Heap Initial Capacity: 246M
 Heap Max Capacity: 2G
 Pre-touch: Disabled
 Parallel Workers: 10
 Concurrent Workers: 3
 Concurrent Refinement Workers: 10
 Periodic GC: Disabled
Heap:
 garbage-first heap   total 251904K, used 142728K [0x0000000080000000, 0x0000000100000000)
  region size 1024K, 8 young (8192K), 8 survivors (8192K)
 Metaspace       used 110892K, committed 111680K, reserved 1179648K
  class space    used 15960K, committed 16320K, reserved 1048576K
GC Heap History (20 events):
Event: 6.931 GC heap after
{Heap after GC invocations=21 (full 0):
 garbage-first heap   total 166912K, used 68295K [0x0000000080000000, 0x0000000100000000)
  region size 1024K, 9 young (9216K), 9 survivors (9216K)
 Metaspace       used 89222K, committed 89856K, reserved 1179648K
  class space    used 12386K, committed 12672K, reserved 1048576K
}
Event: 7.397 GC heap before
{Heap before GC invocations=21 (full 0):
 garbage-first heap   total 166912K, used 139975K [0x0000000080000000, 0x0000000100000000)
  region size 1024K, 75 young (76800K), 9 survivors (9216K)
 Metaspace       used 95264K, committed 95936K, reserved 1179648K
  class space    used 13099K, committed 13440K, reserved 1048576K
}
Event: 7.403 GC heap after
{Heap after GC invocations=22 (full 0):
 garbage-first heap   total 166912K, used 74557K [0x0000000080000000, 0x0000000100000000)
  region size 1024K, 10 young (10240K), 10 survivors (10240K)
 Metaspace       used 95264K, committed 95936K, reserved 1179648K
  class space    used 13099K, committed 13440K, reserved 1048576K
}
Event: 7.717 GC heap before
{Heap before GC invocations=22 (full 0):
 garbage-first heap   total 166912K, used 133949K [0x0000000080000000, 0x0000000100000000)
  region size 1024K, 69 young (70656K), 10 survivors (10240K)
 Metaspace       used 96762K, committed 97408K, reserved 1179648K
  class space    used 13397K, committed 13696K, reserved 1048576K
}
Event: 7.723 GC heap after
{Heap after GC invocations=23 (full 0):
 garbage-first heap   total 166912K, used 80224K [0x0000000080000000, 0x0000000100000000)
  region size 1024K, 6 young (6144K), 6 survivors (6144K)
 Metaspace       used 96762K, committed 97408K, reserved 1179648K
  class space    used 13397K, committed 13696K, reserved 1048576K
}
Event: 7.994 GC heap before
{Heap before GC invocations=23 (full 0):
 garbage-first heap   total 166912K, used 134496K [0x0000000080000000, 0x0000000100000000)
  region size 1024K, 60 young (61440K), 6 survivors (6144K)
 Metaspace       used 97551K, committed 98304K, reserved 1179648K
  class space    used 13473K, committed 13824K, reserved 1048576K
}
Event: 7.998 GC heap after
{Heap after GC invocations=24 (full 0):
 garbage-first heap   total 166912K, used 84322K [0x0000000080000000, 0x0000000100000000)
  region size 1024K, 5 young (5120K), 5 survivors (5120K)
 Metaspace       used 97551K, committed 98304K, reserved 1179648K
  class space    used 13473K, committed 13824K, reserved 1048576K
}
Event: 8.165 GC heap before
{Heap before GC invocations=24 (full 0):
 garbage-first heap   total 166912K, used 135522K [0x0000000080000000, 0x0000000100000000)
  region size 1024K, 56 young (57344K), 5 survivors (5120K)
 Metaspace       used 98728K, committed 99392K, reserved 1179648K
  class space    used 13684K, committed 14016K, reserved 1048576K
}
Event: 8.169 GC heap after
{Heap after GC invocations=25 (full 0):
 garbage-first heap   total 166912K, used 89659K [0x0000000080000000, 0x0000000100000000)
  region size 1024K, 6 young (6144K), 6 survivors (6144K)
 Metaspace       used 98728K, committed 99392K, reserved 1179648K
  class space    used 13684K, committed 14016K, reserved 1048576K
}
Event: 8.308 GC heap before
{Heap before GC invocations=26 (full 0):
 garbage-first heap   total 198656K, used 134715K [0x0000000080000000, 0x0000000100000000)
  region size 1024K, 51 young (52224K), 6 survivors (6144K)
 Metaspace       used 99896K, committed 100608K, reserved 1179648K
  class space    used 13883K, committed 14208K, reserved 1048576K
}
Event: 8.312 GC heap after
{Heap after GC invocations=27 (full 0):
 garbage-first heap   total 198656K, used 97294K [0x0000000080000000, 0x0000000100000000)
  region size 1024K, 7 young (7168K), 7 survivors (7168K)
 Metaspace       used 99896K, committed 100608K, reserved 1179648K
  class space    used 13883K, committed 14208K, reserved 1048576K
}
Event: 8.321 GC heap before
{Heap before GC invocations=27 (full 0):
 garbage-first heap   total 198656K, used 98318K [0x0000000080000000, 0x0000000100000000)
  region size 1024K, 9 young (9216K), 7 survivors (7168K)
 Metaspace       used 100082K, committed 100800K, reserved 1179648K
  class space    used 13904K, committed 14208K, reserved 1048576K
}
Event: 8.323 GC heap after
{Heap after GC invocations=28 (full 0):
 garbage-first heap   total 238592K, used 97783K [0x0000000080000000, 0x0000000100000000)
  region size 1024K, 2 young (2048K), 2 survivors (2048K)
 Metaspace       used 100082K, committed 100800K, reserved 1179648K
  class space    used 13904K, committed 14208K, reserved 1048576K
}
Event: 8.618 GC heap before
{Heap before GC invocations=28 (full 0):
 garbage-first heap   total 238592K, used 185847K [0x0000000080000000, 0x0000000100000000)
  region size 1024K, 89 young (91136K), 2 survivors (2048K)
 Metaspace       used 104493K, committed 105216K, reserved 1179648K
  class space    used 14689K, committed 15040K, reserved 1048576K
}
Event: 8.625 GC heap after
{Heap after GC invocations=29 (full 0):
 garbage-first heap   total 238592K, used 111305K [0x0000000080000000, 0x0000000100000000)
  region size 1024K, 12 young (12288K), 12 survivors (12288K)
 Metaspace       used 104493K, committed 105216K, reserved 1179648K
  class space    used 14689K, committed 15040K, reserved 1048576K
}
Event: 8.752 GC heap before
{Heap before GC invocations=29 (full 0):
 garbage-first heap   total 238592K, used 186057K [0x0000000080000000, 0x0000000100000000)
  region size 1024K, 86 young (88064K), 12 survivors (12288K)
 Metaspace       used 106653K, committed 107392K, reserved 1179648K
  class space    used 15044K, committed 15360K, reserved 1048576K
}
Event: 8.763 GC heap after
{Heap after GC invocations=30 (full 0):
 garbage-first heap   total 238592K, used 123082K [0x0000000080000000, 0x0000000100000000)
  region size 1024K, 11 young (11264K), 11 survivors (11264K)
 Metaspace       used 106653K, committed 107392K, reserved 1179648K
  class space    used 15044K, committed 15360K, reserved 1048576K
}
Event: 8.842 GC heap before
{Heap before GC invocations=30 (full 0):
 garbage-first heap   total 238592K, used 186570K [0x0000000080000000, 0x0000000100000000)
  region size 1024K, 74 young (75776K), 11 survivors (11264K)
 Metaspace       used 108291K, committed 108992K, reserved 1179648K
  class space    used 15311K, committed 15616K, reserved 1048576K
}
Event: 8.850 GC heap after
{Heap after GC invocations=31 (full 0):
 garbage-first heap   total 238592K, used 134144K [0x0000000080000000, 0x0000000100000000)
  region size 1024K, 10 young (10240K), 10 survivors (10240K)
 Metaspace       used 108291K, committed 108992K, reserved 1179648K
  class space    used 15311K, committed 15616K, reserved 1048576K
}
Event: 8.985 GC heap before
{Heap before GC invocations=31 (full 0):
 garbage-first heap   total 238592K, used 190464K [0x0000000080000000, 0x0000000100000000)
  region size 1024K, 66 young (67584K), 10 survivors (10240K)
 Metaspace       used 110892K, committed 111680K, reserved 1179648K
  class space    used 15960K, committed 16320K, reserved 1048576K
}

